<?xml version="1.0" encoding="utf-8" standalone="no"?>
<!--This file represents the results of running a test suite-->
<test-results name="E:\Projekte\Kistl\Tests\CompleteTests\CompleteTests.nunit" total="531" failures="241" not-run="0" date="2008-05-25" time="14:33:16">
  <environment nunit-version="2.4.7.0" clr-version="2.0.50727.1433" os-version="Microsoft Windows NT 6.0.6000.0" platform="Win32NT" cwd="E:\Projekte\Kistl\Tests\CompleteTests" machine-name="KISTL" user="david" user-domain="kistl" />
  <culture-info current-culture="de-AT" current-uiculture="de-DE" />
  <test-suite name="E:\Projekte\Kistl\Tests\CompleteTests\CompleteTests.nunit" success="False" time="1.466" asserts="0">
    <results>
      <test-suite name="E:\Projekte\Kistl\Tests\CompleteTests\bin\Debug\Kistl.API.Client.Tests.exe" success="True" time="0.780" asserts="0">
        <results>
          <test-suite name="Kistl" success="True" time="0.780" asserts="0">
            <results>
              <test-suite name="API" success="True" time="0.780" asserts="0">
                <results>
                  <test-suite name="Client" success="True" time="0.764" asserts="0">
                    <results>
                      <test-suite name="Tests" success="True" time="0.749" asserts="0">
                        <results>
                          <test-suite name="BaseClientDataObjectTests" success="True" time="0.062" asserts="0">
                            <results>
                              <test-case name="Kistl.API.Client.Tests.BaseClientDataObjectTests.AttachToContext" executed="True" success="True" time="0.031" asserts="4" />
                              <test-case name="Kistl.API.Client.Tests.BaseClientDataObjectTests.AttachToContext_New" executed="True" success="True" time="0.000" asserts="4" />
                              <test-case name="Kistl.API.Client.Tests.BaseClientDataObjectTests.AttachToContext_Twice" executed="True" success="True" time="0.000" asserts="4" />
                              <test-case name="Kistl.API.Client.Tests.BaseClientDataObjectTests.Clone" executed="True" success="True" time="0.000" asserts="2" />
                              <test-case name="Kistl.API.Client.Tests.BaseClientDataObjectTests.CopyTo" executed="True" success="True" time="0.000" asserts="2" />
                              <test-case name="Kistl.API.Client.Tests.BaseClientDataObjectTests.CopyTo_Null" executed="True" success="True" time="0.016" asserts="0" />
                              <test-case name="Kistl.API.Client.Tests.BaseClientDataObjectTests.DetachFromContext" executed="True" success="True" time="0.000" asserts="5" />
                              <test-case name="Kistl.API.Client.Tests.BaseClientDataObjectTests.DetachFromContext_NotAttached" executed="True" success="True" time="0.000" asserts="1" />
                              <test-case name="Kistl.API.Client.Tests.BaseClientDataObjectTests.EventAttached" executed="True" success="True" time="0.000" asserts="1" />
                              <test-case name="Kistl.API.Client.Tests.BaseClientDataObjectTests.FromStream_Null_StreamReader" executed="True" success="True" time="0.000" asserts="0" />
                              <test-case name="Kistl.API.Client.Tests.BaseClientDataObjectTests.FromStream_WrongType" executed="True" success="True" time="0.000" asserts="0" />
                              <test-case name="Kistl.API.Client.Tests.BaseClientDataObjectTests.NotifyChange" executed="True" success="True" time="0.016" asserts="1" />
                              <test-case name="Kistl.API.Client.Tests.BaseClientDataObjectTests.NotifyPropertyChanged_ing" executed="True" success="True" time="0.000" asserts="1" />
                              <test-case name="Kistl.API.Client.Tests.BaseClientDataObjectTests.ObjectState_CreatedObject" executed="True" success="True" time="0.000" asserts="1" />
                              <test-case name="Kistl.API.Client.Tests.BaseClientDataObjectTests.ObjectState_CreatedObject_Modified" executed="True" success="True" time="0.000" asserts="1" />
                              <test-case name="Kistl.API.Client.Tests.BaseClientDataObjectTests.ObjectState_New_then_UnModified" executed="True" success="True" time="0.000" asserts="2" />
                              <test-case name="Kistl.API.Client.Tests.BaseClientDataObjectTests.ObjectState_ObjectWithID" executed="True" success="True" time="0.000" asserts="1" />
                              <test-case name="Kistl.API.Client.Tests.BaseClientDataObjectTests.ObjectState_ObjectWithID_Modified" executed="True" success="True" time="0.000" asserts="1" />
                              <test-case name="Kistl.API.Client.Tests.BaseClientDataObjectTests.Stream" executed="True" success="True" time="0.000" asserts="5" />
                              <test-case name="Kistl.API.Client.Tests.BaseClientDataObjectTests.ToStream_Null" executed="True" success="True" time="0.000" asserts="0" />
                              <test-case name="Kistl.API.Client.Tests.BaseClientDataObjectTests.Type" executed="True" success="True" time="0.000" asserts="1" />
                            </results>
                          </test-suite>
                          <test-suite name="KistlContextTests" success="True" time="0.140" asserts="0">
                            <results>
                              <test-case name="Kistl.API.Client.Tests.KistlContextTests.Attach_IDataObject_Existing_Twice_But_Different" executed="True" success="True" time="0.016" asserts="3" />
                              <test-case name="Kistl.API.Client.Tests.KistlContextTests.Attach_IDataObject_New" executed="True" success="True" time="0.000" asserts="2" />
                              <test-case name="Kistl.API.Client.Tests.KistlContextTests.Attach_IDataObject_Null" executed="True" success="True" time="0.000" asserts="0" />
                              <test-case name="Kistl.API.Client.Tests.KistlContextTests.Attach_IDataObject_Twice" executed="True" success="True" time="0.000" asserts="2" />
                              <test-case name="Kistl.API.Client.Tests.KistlContextTests.Attach_IDataObject_Twice_Modified" executed="True" success="True" time="0.000" asserts="4" />
                              <test-case name="Kistl.API.Client.Tests.KistlContextTests.Create_ObjectType" executed="True" success="True" time="0.016" asserts="4" />
                              <test-case name="Kistl.API.Client.Tests.KistlContextTests.Create_T" executed="True" success="True" time="0.000" asserts="4" />
                              <test-case name="Kistl.API.Client.Tests.KistlContextTests.Create_T_Twice" executed="True" success="True" time="0.000" asserts="7" />
                              <test-case name="Kistl.API.Client.Tests.KistlContextTests.Create_Type" executed="True" success="True" time="0.000" asserts="4" />
                              <test-case name="Kistl.API.Client.Tests.KistlContextTests.Delete" executed="True" success="True" time="0.047" asserts="2" />
                              <test-case name="Kistl.API.Client.Tests.KistlContextTests.Delete_Not_Attached" executed="True" success="True" time="0.016" asserts="0" />
                              <test-case name="Kistl.API.Client.Tests.KistlContextTests.Delete_Null" executed="True" success="True" time="0.000" asserts="0" />
                              <test-case name="Kistl.API.Client.Tests.KistlContextTests.Delete_Wrong_Context" executed="True" success="True" time="0.000" asserts="0" />
                              <test-case name="Kistl.API.Client.Tests.KistlContextTests.Detach" executed="True" success="True" time="0.000" asserts="2" />
                              <test-case name="Kistl.API.Client.Tests.KistlContextTests.Detach_NotAttached" executed="True" success="True" time="0.000" asserts="0" />
                              <test-case name="Kistl.API.Client.Tests.KistlContextTests.Detach_Null" executed="True" success="True" time="0.000" asserts="0" />
                              <test-case name="Kistl.API.Client.Tests.KistlContextTests.Detach_Twice" executed="True" success="True" time="0.000" asserts="2" />
                              <test-case name="Kistl.API.Client.Tests.KistlContextTests.Find_ObjectType" executed="True" success="True" time="0.000" asserts="1" />
                              <test-case name="Kistl.API.Client.Tests.KistlContextTests.Find_T" executed="True" success="True" time="0.000" asserts="1" />
                              <test-case name="Kistl.API.Client.Tests.KistlContextTests.GetList" executed="True" success="True" time="0.016" asserts="17" />
                              <test-case name="Kistl.API.Client.Tests.KistlContextTests.GetList_GetListOf" executed="True" success="True" time="0.016" asserts="9" />
                              <test-case name="Kistl.API.Client.Tests.KistlContextTests.GetList_Twice" executed="True" success="True" time="0.000" asserts="19" />
                              <test-case name="Kistl.API.Client.Tests.KistlContextTests.GetListOf" executed="True" success="True" time="0.000" asserts="8" />
                              <test-case name="Kistl.API.Client.Tests.KistlContextTests.GetListOf_Twice" executed="True" success="True" time="0.000" asserts="10" />
                              <test-case name="Kistl.API.Client.Tests.KistlContextTests.GetObject" executed="True" success="True" time="0.000" asserts="4" />
                              <test-case name="Kistl.API.Client.Tests.KistlContextTests.GetObject_GetList" executed="True" success="True" time="0.000" asserts="7" />
                              <test-case name="Kistl.API.Client.Tests.KistlContextTests.GetObject_GetListOf" executed="True" success="True" time="0.000" asserts="7" />
                              <test-case name="Kistl.API.Client.Tests.KistlContextTests.GetObject_Twice" executed="True" success="True" time="0.000" asserts="5" />
                              <test-case name="Kistl.API.Client.Tests.KistlContextTests.GetQuery_ObjectType" executed="True" success="True" time="0.000" asserts="2" />
                              <test-case name="Kistl.API.Client.Tests.KistlContextTests.GetQuery_T" executed="True" success="True" time="0.000" asserts="2" />
                              <test-case name="Kistl.API.Client.Tests.KistlContextTests.SubmitChanges" executed="True" success="True" time="0.000" asserts="4" />
                              <test-case name="Kistl.API.Client.Tests.KistlContextTests.SubmitChanges_Delete" executed="True" success="True" time="0.000" asserts="5" />
                              <test-case name="Kistl.API.Client.Tests.KistlContextTests.SubmitChanges_New" executed="True" success="True" time="0.000" asserts="4" />
                              <test-case name="Kistl.API.Client.Tests.KistlContextTests.SubmitChanges_Nothing" executed="True" success="True" time="0.000" asserts="4" />
                            </results>
                          </test-suite>
                        </results>
                      </test-suite>
                    </results>
                  </test-suite>
                </results>
              </test-suite>
            </results>
          </test-suite>
        </results>
      </test-suite>
      <test-suite name="E:\Projekte\Kistl\Tests\CompleteTests\bin\Debug\Kistl.API.Server.Tests.exe" success="False" time="0.047" asserts="0">
        <results>
          <test-suite name="Kistl" success="False" time="0.047" asserts="0">
            <results>
              <test-suite name="API" success="False" time="0.031" asserts="0">
                <results>
                  <test-suite name="Server" success="False" time="0.031" asserts="0">
                    <results>
                      <test-suite name="Tests" success="False" time="0.031" asserts="0">
                        <failure>
                          <message><![CDATA[System.InvalidOperationException : Configuration already setuped]]></message>
                          <stack-trace><![CDATA[bei Kistl.API.Configuration.KistlConfig.Init(String file) in E:\Projekte\Kistl\Kistl.API\Configuration\KistlConfig.cs:Zeile 58.
bei Kistl.API.APIInit.Init(String configFile) in E:\Projekte\Kistl\Kistl.API\APIInit.cs:Zeile 35.
bei Kistl.API.Server.Tests.SetUp.Init() in E:\Projekte\Kistl\Tests\Kistl.API.Server.Tests\SetUp.cs:Zeile 20.
]]></stack-trace>
                        </failure>
                        <results>
                          <test-case name="Kistl.API.Server.Tests.BaseServerCollectionEntryTests.Clone" executed="True" success="False" time="0.000" asserts="0">
                            <failure>
                              <message><![CDATA[TestFixtureSetUp failed in SetUp]]></message>
                              <stack-trace />
                            </failure>
                          </test-case>
                          <test-case name="Kistl.API.Server.Tests.BaseServerCollectionEntryTests.CopyTo" executed="True" success="False" time="0.000" asserts="0">
                            <failure>
                              <message><![CDATA[TestFixtureSetUp failed in SetUp]]></message>
                              <stack-trace />
                            </failure>
                          </test-case>
                          <test-case name="Kistl.API.Server.Tests.BaseServerCollectionEntryTests.CopyTo_Null" executed="True" success="False" time="0.000" asserts="0">
                            <failure>
                              <message><![CDATA[TestFixtureSetUp failed in SetUp]]></message>
                              <stack-trace />
                            </failure>
                          </test-case>
                          <test-case name="Kistl.API.Server.Tests.BaseServerCollectionEntryTests.FromStream_Null_StreamReader" executed="True" success="False" time="0.000" asserts="0">
                            <failure>
                              <message><![CDATA[TestFixtureSetUp failed in SetUp]]></message>
                              <stack-trace />
                            </failure>
                          </test-case>
                          <test-case name="Kistl.API.Server.Tests.BaseServerCollectionEntryTests.NotifyPropertyChanged_ing" executed="True" success="False" time="0.000" asserts="0">
                            <failure>
                              <message><![CDATA[TestFixtureSetUp failed in SetUp]]></message>
                              <stack-trace />
                            </failure>
                          </test-case>
                          <test-case name="Kistl.API.Server.Tests.BaseServerCollectionEntryTests.Stream" executed="True" success="False" time="0.000" asserts="0">
                            <failure>
                              <message><![CDATA[TestFixtureSetUp failed in SetUp]]></message>
                              <stack-trace />
                            </failure>
                          </test-case>
                          <test-case name="Kistl.API.Server.Tests.BaseServerCollectionEntryTests.ToStream_Null" executed="True" success="False" time="0.000" asserts="0">
                            <failure>
                              <message><![CDATA[TestFixtureSetUp failed in SetUp]]></message>
                              <stack-trace />
                            </failure>
                          </test-case>
                          <test-suite name="Kistl.API.Server.Tests.BaseServerCollectionEntryTests" success="False" time="0.000" asserts="0">
                            <results />
                          </test-suite>
                          <test-case name="Kistl.API.Server.Tests.BaseServerDataObjectTests.AttachToContext" executed="True" success="False" time="0.000" asserts="0">
                            <failure>
                              <message><![CDATA[TestFixtureSetUp failed in SetUp]]></message>
                              <stack-trace />
                            </failure>
                          </test-case>
                          <test-case name="Kistl.API.Server.Tests.BaseServerDataObjectTests.Clone" executed="True" success="False" time="0.000" asserts="0">
                            <failure>
                              <message><![CDATA[TestFixtureSetUp failed in SetUp]]></message>
                              <stack-trace />
                            </failure>
                          </test-case>
                          <test-case name="Kistl.API.Server.Tests.BaseServerDataObjectTests.CopyTo" executed="True" success="False" time="0.000" asserts="0">
                            <failure>
                              <message><![CDATA[TestFixtureSetUp failed in SetUp]]></message>
                              <stack-trace />
                            </failure>
                          </test-case>
                          <test-case name="Kistl.API.Server.Tests.BaseServerDataObjectTests.CopyTo_Null" executed="True" success="False" time="0.000" asserts="0">
                            <failure>
                              <message><![CDATA[TestFixtureSetUp failed in SetUp]]></message>
                              <stack-trace />
                            </failure>
                          </test-case>
                          <test-case name="Kistl.API.Server.Tests.BaseServerDataObjectTests.DetachFromContext" executed="True" success="False" time="0.000" asserts="0">
                            <failure>
                              <message><![CDATA[TestFixtureSetUp failed in SetUp]]></message>
                              <stack-trace />
                            </failure>
                          </test-case>
                          <test-case name="Kistl.API.Server.Tests.BaseServerDataObjectTests.EventAttached" executed="True" success="False" time="0.000" asserts="0">
                            <failure>
                              <message><![CDATA[TestFixtureSetUp failed in SetUp]]></message>
                              <stack-trace />
                            </failure>
                          </test-case>
                          <test-case name="Kistl.API.Server.Tests.BaseServerDataObjectTests.FromStream_Null_StreamReader" executed="True" success="False" time="0.000" asserts="0">
                            <failure>
                              <message><![CDATA[TestFixtureSetUp failed in SetUp]]></message>
                              <stack-trace />
                            </failure>
                          </test-case>
                          <test-case name="Kistl.API.Server.Tests.BaseServerDataObjectTests.FromStream_WrongType" executed="True" success="False" time="0.000" asserts="0">
                            <failure>
                              <message><![CDATA[TestFixtureSetUp failed in SetUp]]></message>
                              <stack-trace />
                            </failure>
                          </test-case>
                          <test-case name="Kistl.API.Server.Tests.BaseServerDataObjectTests.NotifyChange" executed="True" success="False" time="0.000" asserts="0">
                            <failure>
                              <message><![CDATA[TestFixtureSetUp failed in SetUp]]></message>
                              <stack-trace />
                            </failure>
                          </test-case>
                          <test-case name="Kistl.API.Server.Tests.BaseServerDataObjectTests.NotifyPropertyChanged_ing" executed="True" success="False" time="0.000" asserts="0">
                            <failure>
                              <message><![CDATA[TestFixtureSetUp failed in SetUp]]></message>
                              <stack-trace />
                            </failure>
                          </test-case>
                          <test-case name="Kistl.API.Server.Tests.BaseServerDataObjectTests.ObjectState_CreatedObject" executed="True" success="False" time="0.000" asserts="0">
                            <failure>
                              <message><![CDATA[TestFixtureSetUp failed in SetUp]]></message>
                              <stack-trace />
                            </failure>
                          </test-case>
                          <test-case name="Kistl.API.Server.Tests.BaseServerDataObjectTests.ObjectState_CreatedObject_Modified" executed="True" success="False" time="0.000" asserts="0">
                            <failure>
                              <message><![CDATA[TestFixtureSetUp failed in SetUp]]></message>
                              <stack-trace />
                            </failure>
                          </test-case>
                          <test-case name="Kistl.API.Server.Tests.BaseServerDataObjectTests.ObjectState_New_then_UnModified" executed="True" success="False" time="0.000" asserts="0">
                            <failure>
                              <message><![CDATA[TestFixtureSetUp failed in SetUp]]></message>
                              <stack-trace />
                            </failure>
                          </test-case>
                          <test-case name="Kistl.API.Server.Tests.BaseServerDataObjectTests.ObjectState_ObjectWithID" executed="True" success="False" time="0.000" asserts="0">
                            <failure>
                              <message><![CDATA[TestFixtureSetUp failed in SetUp]]></message>
                              <stack-trace />
                            </failure>
                          </test-case>
                          <test-case name="Kistl.API.Server.Tests.BaseServerDataObjectTests.ObjectState_ObjectWithID_Modified" executed="True" success="False" time="0.000" asserts="0">
                            <failure>
                              <message><![CDATA[TestFixtureSetUp failed in SetUp]]></message>
                              <stack-trace />
                            </failure>
                          </test-case>
                          <test-case name="Kistl.API.Server.Tests.BaseServerDataObjectTests.Stream" executed="True" success="False" time="0.000" asserts="0">
                            <failure>
                              <message><![CDATA[TestFixtureSetUp failed in SetUp]]></message>
                              <stack-trace />
                            </failure>
                          </test-case>
                          <test-case name="Kistl.API.Server.Tests.BaseServerDataObjectTests.ToStream_Null" executed="True" success="False" time="0.000" asserts="0">
                            <failure>
                              <message><![CDATA[TestFixtureSetUp failed in SetUp]]></message>
                              <stack-trace />
                            </failure>
                          </test-case>
                          <test-case name="Kistl.API.Server.Tests.BaseServerDataObjectTests.Type" executed="True" success="False" time="0.000" asserts="0">
                            <failure>
                              <message><![CDATA[TestFixtureSetUp failed in SetUp]]></message>
                              <stack-trace />
                            </failure>
                          </test-case>
                          <test-suite name="Kistl.API.Server.Tests.BaseServerDataObjectTests" success="False" time="0.000" asserts="0">
                            <results />
                          </test-suite>
                          <test-case name="Kistl.API.Server.Tests.KistlDataContextTests.Attach_ICollectionEntry_Existing" executed="True" success="False" time="0.000" asserts="0">
                            <failure>
                              <message><![CDATA[TestFixtureSetUp failed in SetUp]]></message>
                              <stack-trace />
                            </failure>
                          </test-case>
                          <test-case name="Kistl.API.Server.Tests.KistlDataContextTests.Attach_ICollectionEntry_Existing_Twice" executed="True" success="False" time="0.000" asserts="0">
                            <failure>
                              <message><![CDATA[TestFixtureSetUp failed in SetUp]]></message>
                              <stack-trace />
                            </failure>
                          </test-case>
                          <test-case name="Kistl.API.Server.Tests.KistlDataContextTests.Attach_ICollectionEntry_Existing_Twice_But_Different" executed="True" success="False" time="0.000" asserts="0">
                            <failure>
                              <message><![CDATA[TestFixtureSetUp failed in SetUp]]></message>
                              <stack-trace />
                            </failure>
                          </test-case>
                          <test-case name="Kistl.API.Server.Tests.KistlDataContextTests.Attach_ICollectionEntry_New" executed="True" success="False" time="0.000" asserts="0">
                            <failure>
                              <message><![CDATA[TestFixtureSetUp failed in SetUp]]></message>
                              <stack-trace />
                            </failure>
                          </test-case>
                          <test-case name="Kistl.API.Server.Tests.KistlDataContextTests.Attach_IDataObject_Existing" executed="True" success="False" time="0.000" asserts="0">
                            <failure>
                              <message><![CDATA[TestFixtureSetUp failed in SetUp]]></message>
                              <stack-trace />
                            </failure>
                          </test-case>
                          <test-case name="Kistl.API.Server.Tests.KistlDataContextTests.Attach_IDataObject_Existing_Twice" executed="True" success="False" time="0.000" asserts="0">
                            <failure>
                              <message><![CDATA[TestFixtureSetUp failed in SetUp]]></message>
                              <stack-trace />
                            </failure>
                          </test-case>
                          <test-case name="Kistl.API.Server.Tests.KistlDataContextTests.Attach_IDataObject_Existing_Twice_But_Different" executed="True" success="False" time="0.000" asserts="0">
                            <failure>
                              <message><![CDATA[TestFixtureSetUp failed in SetUp]]></message>
                              <stack-trace />
                            </failure>
                          </test-case>
                          <test-case name="Kistl.API.Server.Tests.KistlDataContextTests.Attach_IDataObject_New" executed="True" success="False" time="0.000" asserts="0">
                            <failure>
                              <message><![CDATA[TestFixtureSetUp failed in SetUp]]></message>
                              <stack-trace />
                            </failure>
                          </test-case>
                          <test-case name="Kistl.API.Server.Tests.KistlDataContextTests.CleanUpSession" executed="True" success="False" time="0.000" asserts="0">
                            <failure>
                              <message><![CDATA[TestFixtureSetUp failed in SetUp]]></message>
                              <stack-trace />
                            </failure>
                          </test-case>
                          <test-case name="Kistl.API.Server.Tests.KistlDataContextTests.Create_Generic" executed="True" success="False" time="0.000" asserts="0">
                            <failure>
                              <message><![CDATA[TestFixtureSetUp failed in SetUp]]></message>
                              <stack-trace />
                            </failure>
                          </test-case>
                          <test-case name="Kistl.API.Server.Tests.KistlDataContextTests.Create_ObjectType" executed="True" success="False" time="0.000" asserts="0">
                            <failure>
                              <message><![CDATA[TestFixtureSetUp failed in SetUp]]></message>
                              <stack-trace />
                            </failure>
                          </test-case>
                          <test-case name="Kistl.API.Server.Tests.KistlDataContextTests.Create_Type" executed="True" success="False" time="0.000" asserts="0">
                            <failure>
                              <message><![CDATA[TestFixtureSetUp failed in SetUp]]></message>
                              <stack-trace />
                            </failure>
                          </test-case>
                          <test-case name="Kistl.API.Server.Tests.KistlDataContextTests.Delete_ICollectionEntry" executed="True" success="False" time="0.000" asserts="0">
                            <failure>
                              <message><![CDATA[TestFixtureSetUp failed in SetUp]]></message>
                              <stack-trace />
                            </failure>
                          </test-case>
                          <test-case name="Kistl.API.Server.Tests.KistlDataContextTests.Delete_IDataObject" executed="True" success="False" time="0.000" asserts="0">
                            <failure>
                              <message><![CDATA[TestFixtureSetUp failed in SetUp]]></message>
                              <stack-trace />
                            </failure>
                          </test-case>
                          <test-case name="Kistl.API.Server.Tests.KistlDataContextTests.Detach_ICollectionEntry" executed="True" success="False" time="0.000" asserts="0">
                            <failure>
                              <message><![CDATA[TestFixtureSetUp failed in SetUp]]></message>
                              <stack-trace />
                            </failure>
                          </test-case>
                          <test-case name="Kistl.API.Server.Tests.KistlDataContextTests.Detach_IDataObject" executed="True" success="False" time="0.000" asserts="0">
                            <failure>
                              <message><![CDATA[TestFixtureSetUp failed in SetUp]]></message>
                              <stack-trace />
                            </failure>
                          </test-case>
                          <test-case name="Kistl.API.Server.Tests.KistlDataContextTests.Detach_IDataObject_Failed" executed="True" success="False" time="0.000" asserts="0">
                            <failure>
                              <message><![CDATA[TestFixtureSetUp failed in SetUp]]></message>
                              <stack-trace />
                            </failure>
                          </test-case>
                          <test-case name="Kistl.API.Server.Tests.KistlDataContextTests.Find_ObjectType" executed="True" success="False" time="0.000" asserts="0">
                            <failure>
                              <message><![CDATA[TestFixtureSetUp failed in SetUp]]></message>
                              <stack-trace />
                            </failure>
                          </test-case>
                          <test-case name="Kistl.API.Server.Tests.KistlDataContextTests.Find_T" executed="True" success="False" time="0.000" asserts="0">
                            <failure>
                              <message><![CDATA[TestFixtureSetUp failed in SetUp]]></message>
                              <stack-trace />
                            </failure>
                          </test-case>
                          <test-case name="Kistl.API.Server.Tests.KistlDataContextTests.GetContext" executed="True" success="False" time="0.000" asserts="0">
                            <failure>
                              <message><![CDATA[TestFixtureSetUp failed in SetUp]]></message>
                              <stack-trace />
                            </failure>
                          </test-case>
                          <test-case name="Kistl.API.Server.Tests.KistlDataContextTests.GetListOf" executed="True" success="False" time="0.000" asserts="0">
                            <failure>
                              <message><![CDATA[TestFixtureSetUp failed in SetUp]]></message>
                              <stack-trace />
                            </failure>
                          </test-case>
                          <test-case name="Kistl.API.Server.Tests.KistlDataContextTests.GetListOf_ObjType" executed="True" success="False" time="0.000" asserts="0">
                            <failure>
                              <message><![CDATA[TestFixtureSetUp failed in SetUp]]></message>
                              <stack-trace />
                            </failure>
                          </test-case>
                          <test-case name="Kistl.API.Server.Tests.KistlDataContextTests.GetListOf_WrongPropertyName" executed="True" success="False" time="0.000" asserts="0">
                            <failure>
                              <message><![CDATA[TestFixtureSetUp failed in SetUp]]></message>
                              <stack-trace />
                            </failure>
                          </test-case>
                          <test-case name="Kistl.API.Server.Tests.KistlDataContextTests.GetQuery" executed="True" success="False" time="0.000" asserts="0">
                            <failure>
                              <message><![CDATA[TestFixtureSetUp failed in SetUp]]></message>
                              <stack-trace />
                            </failure>
                          </test-case>
                          <test-case name="Kistl.API.Server.Tests.KistlDataContextTests.GetQuery_ObjType" executed="True" success="False" time="0.000" asserts="0">
                            <failure>
                              <message><![CDATA[TestFixtureSetUp failed in SetUp]]></message>
                              <stack-trace />
                            </failure>
                          </test-case>
                          <test-case name="Kistl.API.Server.Tests.KistlDataContextTests.InitSession" executed="True" success="False" time="0.000" asserts="0">
                            <failure>
                              <message><![CDATA[TestFixtureSetUp failed in SetUp]]></message>
                              <stack-trace />
                            </failure>
                          </test-case>
                          <test-case name="Kistl.API.Server.Tests.KistlDataContextTests.InitSessionTwice" executed="True" success="False" time="0.000" asserts="0">
                            <failure>
                              <message><![CDATA[TestFixtureSetUp failed in SetUp]]></message>
                              <stack-trace />
                            </failure>
                          </test-case>
                          <test-case name="Kistl.API.Server.Tests.KistlDataContextTests.NoSession" executed="True" success="False" time="0.000" asserts="0">
                            <failure>
                              <message><![CDATA[TestFixtureSetUp failed in SetUp]]></message>
                              <stack-trace />
                            </failure>
                          </test-case>
                          <test-case name="Kistl.API.Server.Tests.KistlDataContextTests.SelectSomeData" executed="True" success="False" time="0.000" asserts="0">
                            <failure>
                              <message><![CDATA[TestFixtureSetUp failed in SetUp]]></message>
                              <stack-trace />
                            </failure>
                          </test-case>
                          <test-case name="Kistl.API.Server.Tests.KistlDataContextTests.SelectSomeData_Children" executed="True" success="False" time="0.000" asserts="0">
                            <failure>
                              <message><![CDATA[TestFixtureSetUp failed in SetUp]]></message>
                              <stack-trace />
                            </failure>
                          </test-case>
                          <test-case name="Kistl.API.Server.Tests.KistlDataContextTests.SelectSomeData_Collection" executed="True" success="False" time="0.000" asserts="0">
                            <failure>
                              <message><![CDATA[TestFixtureSetUp failed in SetUp]]></message>
                              <stack-trace />
                            </failure>
                          </test-case>
                          <test-case name="Kistl.API.Server.Tests.KistlDataContextTests.SelectSomeData_Parent" executed="True" success="False" time="0.000" asserts="0">
                            <failure>
                              <message><![CDATA[TestFixtureSetUp failed in SetUp]]></message>
                              <stack-trace />
                            </failure>
                          </test-case>
                          <test-case name="Kistl.API.Server.Tests.KistlDataContextTests.UpdateLists_SubmitChanges" executed="True" success="False" time="0.000" asserts="0">
                            <failure>
                              <message><![CDATA[TestFixtureSetUp failed in SetUp]]></message>
                              <stack-trace />
                            </failure>
                          </test-case>
                          <test-case name="Kistl.API.Server.Tests.KistlDataContextTests.UpdateSomeData_SubmitChanges" executed="True" success="False" time="0.000" asserts="0">
                            <failure>
                              <message><![CDATA[TestFixtureSetUp failed in SetUp]]></message>
                              <stack-trace />
                            </failure>
                          </test-case>
                          <test-suite name="Kistl.API.Server.Tests.KistlDataContextTests" success="False" time="0.000" asserts="0">
                            <results />
                          </test-suite>
                        </results>
                      </test-suite>
                    </results>
                  </test-suite>
                </results>
              </test-suite>
            </results>
          </test-suite>
        </results>
      </test-suite>
      <test-suite name="E:\Projekte\Kistl\Tests\CompleteTests\bin\Debug\Kistl.API.Tests.exe" success="False" time="0.078" asserts="0">
        <results>
          <test-suite name="Kistl" success="False" time="0.062" asserts="0">
            <results>
              <test-suite name="API" success="False" time="0.047" asserts="0">
                <results>
                  <test-suite name="Tests" success="False" time="0.047" asserts="0">
                    <failure>
                      <message><![CDATA[System.InvalidOperationException : Configuration already setuped]]></message>
                      <stack-trace><![CDATA[bei Kistl.API.Configuration.KistlConfig.Init(String file) in E:\Projekte\Kistl\Kistl.API\Configuration\KistlConfig.cs:Zeile 58.
bei Kistl.API.APIInit.Init(String configFile) in E:\Projekte\Kistl\Kistl.API\APIInit.cs:Zeile 35.
bei Kistl.API.Tests.SetUp.Init() in E:\Projekte\Kistl\Tests\Kistl.API.Tests\SetUp.cs:Zeile 20.
]]></stack-trace>
                    </failure>
                    <results>
                      <test-case name="Kistl.API.Tests.APIInitTest.SecondInitFail" executed="True" success="False" time="0.000" asserts="0">
                        <failure>
                          <message><![CDATA[TestFixtureSetUp failed in SetUp]]></message>
                          <stack-trace />
                        </failure>
                      </test-case>
                      <test-suite name="Kistl.API.Tests.APIInitTest" success="False" time="0.000" asserts="0">
                        <results />
                      </test-suite>
                      <test-case name="Kistl.API.Tests.AssemblyLoaderTests.AssemblyResolve" executed="True" success="False" time="0.000" asserts="0">
                        <failure>
                          <message><![CDATA[TestFixtureSetUp failed in SetUp]]></message>
                          <stack-trace />
                        </failure>
                      </test-case>
                      <test-case name="Kistl.API.Tests.AssemblyLoaderTests.Load" executed="True" success="False" time="0.000" asserts="0">
                        <failure>
                          <message><![CDATA[TestFixtureSetUp failed in SetUp]]></message>
                          <stack-trace />
                        </failure>
                      </test-case>
                      <test-case name="Kistl.API.Tests.AssemblyLoaderTests.ReflectionOnlyLoadFrom" executed="True" success="False" time="0.000" asserts="0">
                        <failure>
                          <message><![CDATA[TestFixtureSetUp failed in SetUp]]></message>
                          <stack-trace />
                        </failure>
                      </test-case>
                      <test-suite name="Kistl.API.Tests.AssemblyLoaderTests" success="False" time="0.000" asserts="0">
                        <results />
                      </test-suite>
                      <test-case name="Kistl.API.Tests.BinarySerializerTests.Bool" executed="True" success="False" time="0.000" asserts="0">
                        <failure>
                          <message><![CDATA[TestFixtureSetUp failed in SetUp]]></message>
                          <stack-trace />
                        </failure>
                      </test-case>
                      <test-case name="Kistl.API.Tests.BinarySerializerTests.BoolNull" executed="True" success="False" time="0.000" asserts="0">
                        <failure>
                          <message><![CDATA[TestFixtureSetUp failed in SetUp]]></message>
                          <stack-trace />
                        </failure>
                      </test-case>
                      <test-case name="Kistl.API.Tests.BinarySerializerTests.BoolNullValue" executed="True" success="False" time="0.000" asserts="0">
                        <failure>
                          <message><![CDATA[TestFixtureSetUp failed in SetUp]]></message>
                          <stack-trace />
                        </failure>
                      </test-case>
                      <test-case name="Kistl.API.Tests.BinarySerializerTests.DateTime" executed="True" success="False" time="0.000" asserts="0">
                        <failure>
                          <message><![CDATA[TestFixtureSetUp failed in SetUp]]></message>
                          <stack-trace />
                        </failure>
                      </test-case>
                      <test-case name="Kistl.API.Tests.BinarySerializerTests.DateTimeNull" executed="True" success="False" time="0.000" asserts="0">
                        <failure>
                          <message><![CDATA[TestFixtureSetUp failed in SetUp]]></message>
                          <stack-trace />
                        </failure>
                      </test-case>
                      <test-case name="Kistl.API.Tests.BinarySerializerTests.Double" executed="True" success="False" time="0.000" asserts="0">
                        <failure>
                          <message><![CDATA[TestFixtureSetUp failed in SetUp]]></message>
                          <stack-trace />
                        </failure>
                      </test-case>
                      <test-case name="Kistl.API.Tests.BinarySerializerTests.DoubleNull" executed="True" success="False" time="0.000" asserts="0">
                        <failure>
                          <message><![CDATA[TestFixtureSetUp failed in SetUp]]></message>
                          <stack-trace />
                        </failure>
                      </test-case>
                      <test-case name="Kistl.API.Tests.BinarySerializerTests.DoubleNullValue" executed="True" success="False" time="0.000" asserts="0">
                        <failure>
                          <message><![CDATA[TestFixtureSetUp failed in SetUp]]></message>
                          <stack-trace />
                        </failure>
                      </test-case>
                      <test-case name="Kistl.API.Tests.BinarySerializerTests.Enum" executed="True" success="False" time="0.000" asserts="0">
                        <failure>
                          <message><![CDATA[TestFixtureSetUp failed in SetUp]]></message>
                          <stack-trace />
                        </failure>
                      </test-case>
                      <test-case name="Kistl.API.Tests.BinarySerializerTests.Float" executed="True" success="False" time="0.000" asserts="0">
                        <failure>
                          <message><![CDATA[TestFixtureSetUp failed in SetUp]]></message>
                          <stack-trace />
                        </failure>
                      </test-case>
                      <test-case name="Kistl.API.Tests.BinarySerializerTests.FloatNull" executed="True" success="False" time="0.000" asserts="0">
                        <failure>
                          <message><![CDATA[TestFixtureSetUp failed in SetUp]]></message>
                          <stack-trace />
                        </failure>
                      </test-case>
                      <test-case name="Kistl.API.Tests.BinarySerializerTests.FloatNullValue" executed="True" success="False" time="0.000" asserts="0">
                        <failure>
                          <message><![CDATA[TestFixtureSetUp failed in SetUp]]></message>
                          <stack-trace />
                        </failure>
                      </test-case>
                      <test-case name="Kistl.API.Tests.BinarySerializerTests.ICollection_ICollectionEntry" executed="True" success="False" time="0.000" asserts="0">
                        <failure>
                          <message><![CDATA[TestFixtureSetUp failed in SetUp]]></message>
                          <stack-trace />
                        </failure>
                      </test-case>
                      <test-case name="Kistl.API.Tests.BinarySerializerTests.ICollection_ObservableCollection_ICollectionEntry" executed="True" success="False" time="0.000" asserts="0">
                        <failure>
                          <message><![CDATA[TestFixtureSetUp failed in SetUp]]></message>
                          <stack-trace />
                        </failure>
                      </test-case>
                      <test-case name="Kistl.API.Tests.BinarySerializerTests.IEnumerable_IDataObject" executed="True" success="False" time="0.000" asserts="0">
                        <failure>
                          <message><![CDATA[TestFixtureSetUp failed in SetUp]]></message>
                          <stack-trace />
                        </failure>
                      </test-case>
                      <test-case name="Kistl.API.Tests.BinarySerializerTests.Int" executed="True" success="False" time="0.000" asserts="0">
                        <failure>
                          <message><![CDATA[TestFixtureSetUp failed in SetUp]]></message>
                          <stack-trace />
                        </failure>
                      </test-case>
                      <test-case name="Kistl.API.Tests.BinarySerializerTests.IntNull" executed="True" success="False" time="0.000" asserts="0">
                        <failure>
                          <message><![CDATA[TestFixtureSetUp failed in SetUp]]></message>
                          <stack-trace />
                        </failure>
                      </test-case>
                      <test-case name="Kistl.API.Tests.BinarySerializerTests.IntNullValue" executed="True" success="False" time="0.000" asserts="0">
                        <failure>
                          <message><![CDATA[TestFixtureSetUp failed in SetUp]]></message>
                          <stack-trace />
                        </failure>
                      </test-case>
                      <test-case name="Kistl.API.Tests.BinarySerializerTests.ObjectType" executed="True" success="False" time="0.000" asserts="0">
                        <failure>
                          <message><![CDATA[TestFixtureSetUp failed in SetUp]]></message>
                          <stack-trace />
                        </failure>
                      </test-case>
                      <test-case name="Kistl.API.Tests.BinarySerializerTests.ObjectTypeNull" executed="True" success="False" time="0.000" asserts="0">
                        <failure>
                          <message><![CDATA[TestFixtureSetUp failed in SetUp]]></message>
                          <stack-trace />
                        </failure>
                      </test-case>
                      <test-case name="Kistl.API.Tests.BinarySerializerTests.SerializableExpression" executed="True" success="False" time="0.000" asserts="0">
                        <failure>
                          <message><![CDATA[TestFixtureSetUp failed in SetUp]]></message>
                          <stack-trace />
                        </failure>
                      </test-case>
                      <test-case name="Kistl.API.Tests.BinarySerializerTests.String" executed="True" success="False" time="0.000" asserts="0">
                        <failure>
                          <message><![CDATA[TestFixtureSetUp failed in SetUp]]></message>
                          <stack-trace />
                        </failure>
                      </test-case>
                      <test-case name="Kistl.API.Tests.BinarySerializerTests.StringNull" executed="True" success="False" time="0.000" asserts="0">
                        <failure>
                          <message><![CDATA[TestFixtureSetUp failed in SetUp]]></message>
                          <stack-trace />
                        </failure>
                      </test-case>
                      <test-suite name="Kistl.API.Tests.BinarySerializerTests" success="False" time="0.000" asserts="0">
                        <results />
                      </test-suite>
                      <test-case name="Kistl.API.Tests.CustomActionsManagerFactoryTests.Init_Fail" executed="True" success="False" time="0.000" asserts="0">
                        <failure>
                          <message><![CDATA[TestFixtureSetUp failed in SetUp]]></message>
                          <stack-trace />
                        </failure>
                      </test-case>
                      <test-suite name="Kistl.API.Tests.CustomActionsManagerFactoryTests" success="False" time="0.000" asserts="0">
                        <results />
                      </test-suite>
                      <test-case name="Kistl.API.Tests.ExpressionFilterTest.IllegalExpression" executed="True" success="False" time="0.000" asserts="0">
                        <failure>
                          <message><![CDATA[TestFixtureSetUp failed in SetUp]]></message>
                          <stack-trace />
                        </failure>
                      </test-case>
                      <test-case name="Kistl.API.Tests.ExpressionFilterTest.IllegalExpressionClass_UnknownToString" executed="True" success="False" time="0.000" asserts="0">
                        <failure>
                          <message><![CDATA[TestFixtureSetUp failed in SetUp]]></message>
                          <stack-trace />
                        </failure>
                      </test-case>
                      <test-case name="Kistl.API.Tests.ExpressionFilterTest.LegalExpression" executed="True" success="False" time="0.000" asserts="0">
                        <failure>
                          <message><![CDATA[TestFixtureSetUp failed in SetUp]]></message>
                          <stack-trace />
                        </failure>
                      </test-case>
                      <test-suite name="Kistl.API.Tests.ExpressionFilterTest" success="False" time="0.000" asserts="0">
                        <results />
                      </test-suite>
                      <test-case name="Kistl.API.Tests.ExpressionTreeVisitorTests.Visit" executed="True" success="False" time="0.000" asserts="0">
                        <failure>
                          <message><![CDATA[TestFixtureSetUp failed in SetUp]]></message>
                          <stack-trace />
                        </failure>
                      </test-case>
                      <test-suite name="Kistl.API.Tests.ExpressionTreeVisitorTests" success="False" time="0.000" asserts="0">
                        <results />
                      </test-suite>
                      <test-case name="Kistl.API.Tests.ExtensionHelpersTest.Clone_List" executed="True" success="False" time="0.000" asserts="0">
                        <failure>
                          <message><![CDATA[TestFixtureSetUp failed in SetUp]]></message>
                          <stack-trace />
                        </failure>
                      </test-case>
                      <test-case name="Kistl.API.Tests.ExtensionHelpersTest.Clone_NotifyingObservableCollection" executed="True" success="False" time="0.000" asserts="0">
                        <failure>
                          <message><![CDATA[TestFixtureSetUp failed in SetUp]]></message>
                          <stack-trace />
                        </failure>
                      </test-case>
                      <test-case name="Kistl.API.Tests.ExtensionHelpersTest.Clone_ObservableCollection" executed="True" success="False" time="0.000" asserts="0">
                        <failure>
                          <message><![CDATA[TestFixtureSetUp failed in SetUp]]></message>
                          <stack-trace />
                        </failure>
                      </test-case>
                      <test-case name="Kistl.API.Tests.ExtensionHelpersTest.ForEach_IEnumerable" executed="True" success="False" time="0.000" asserts="0">
                        <failure>
                          <message><![CDATA[TestFixtureSetUp failed in SetUp]]></message>
                          <stack-trace />
                        </failure>
                      </test-case>
                      <test-case name="Kistl.API.Tests.ExtensionHelpersTest.ForEach_ObservableCollection" executed="True" success="False" time="0.000" asserts="0">
                        <failure>
                          <message><![CDATA[TestFixtureSetUp failed in SetUp]]></message>
                          <stack-trace />
                        </failure>
                      </test-case>
                      <test-case name="Kistl.API.Tests.ExtensionHelpersTest.GetPropertyValue" executed="True" success="False" time="0.000" asserts="0">
                        <failure>
                          <message><![CDATA[TestFixtureSetUp failed in SetUp]]></message>
                          <stack-trace />
                        </failure>
                      </test-case>
                      <test-case name="Kistl.API.Tests.ExtensionHelpersTest.GetPropertyValue_InvalidPropertyName" executed="True" success="False" time="0.000" asserts="0">
                        <failure>
                          <message><![CDATA[TestFixtureSetUp failed in SetUp]]></message>
                          <stack-trace />
                        </failure>
                      </test-case>
                      <test-case name="Kistl.API.Tests.ExtensionHelpersTest.In" executed="True" success="False" time="0.000" asserts="0">
                        <failure>
                          <message><![CDATA[TestFixtureSetUp failed in SetUp]]></message>
                          <stack-trace />
                        </failure>
                      </test-case>
                      <test-case name="Kistl.API.Tests.ExtensionHelpersTest.InFalse" executed="True" success="False" time="0.000" asserts="0">
                        <failure>
                          <message><![CDATA[TestFixtureSetUp failed in SetUp]]></message>
                          <stack-trace />
                        </failure>
                      </test-case>
                      <test-case name="Kistl.API.Tests.ExtensionHelpersTest.SetPropertyValue" executed="True" success="False" time="0.000" asserts="0">
                        <failure>
                          <message><![CDATA[TestFixtureSetUp failed in SetUp]]></message>
                          <stack-trace />
                        </failure>
                      </test-case>
                      <test-case name="Kistl.API.Tests.ExtensionHelpersTest.SetPropertyValue_InvalidPropertyName" executed="True" success="False" time="0.000" asserts="0">
                        <failure>
                          <message><![CDATA[TestFixtureSetUp failed in SetUp]]></message>
                          <stack-trace />
                        </failure>
                      </test-case>
                      <test-case name="Kistl.API.Tests.ExtensionHelpersTest.XmlString" executed="True" success="False" time="0.000" asserts="0">
                        <failure>
                          <message><![CDATA[TestFixtureSetUp failed in SetUp]]></message>
                          <stack-trace />
                        </failure>
                      </test-case>
                      <test-suite name="Kistl.API.Tests.ExtensionHelpersTest" success="False" time="0.000" asserts="0">
                        <results />
                      </test-suite>
                      <test-case name="Kistl.API.Tests.KistlConfigTests.Current" executed="True" success="False" time="0.000" asserts="0">
                        <failure>
                          <message><![CDATA[TestFixtureSetUp failed in SetUp]]></message>
                          <stack-trace />
                        </failure>
                      </test-case>
                      <test-case name="Kistl.API.Tests.KistlConfigTests.FromStream" executed="True" success="False" time="0.000" asserts="0">
                        <failure>
                          <message><![CDATA[TestFixtureSetUp failed in SetUp]]></message>
                          <stack-trace />
                        </failure>
                      </test-case>
                      <test-case name="Kistl.API.Tests.KistlConfigTests.FromTextReader" executed="True" success="False" time="0.000" asserts="0">
                        <failure>
                          <message><![CDATA[TestFixtureSetUp failed in SetUp]]></message>
                          <stack-trace />
                        </failure>
                      </test-case>
                      <test-case name="Kistl.API.Tests.KistlConfigTests.ToFile" executed="True" success="False" time="0.000" asserts="0">
                        <failure>
                          <message><![CDATA[TestFixtureSetUp failed in SetUp]]></message>
                          <stack-trace />
                        </failure>
                      </test-case>
                      <test-case name="Kistl.API.Tests.KistlConfigTests.ToStream" executed="True" success="False" time="0.000" asserts="0">
                        <failure>
                          <message><![CDATA[TestFixtureSetUp failed in SetUp]]></message>
                          <stack-trace />
                        </failure>
                      </test-case>
                      <test-suite name="Kistl.API.Tests.KistlConfigTests" success="False" time="0.000" asserts="0">
                        <results />
                      </test-suite>
                      <test-case name="Kistl.API.Tests.KistlServiceStreamsMessageTests.Stream" executed="True" success="False" time="0.000" asserts="0">
                        <failure>
                          <message><![CDATA[TestFixtureSetUp failed in SetUp]]></message>
                          <stack-trace />
                        </failure>
                      </test-case>
                      <test-suite name="Kistl.API.Tests.KistlServiceStreamsMessageTests" success="False" time="0.000" asserts="0">
                        <results />
                      </test-suite>
                      <test-case name="Kistl.API.Tests.LinqExtensionsTests.AddEqualityCondition" executed="True" success="False" time="0.000" asserts="0">
                        <failure>
                          <message><![CDATA[TestFixtureSetUp failed in SetUp]]></message>
                          <stack-trace />
                        </failure>
                      </test-case>
                      <test-case name="Kistl.API.Tests.LinqExtensionsTests.AddEqualityCondition_InvalidProperty" executed="True" success="False" time="0.000" asserts="0">
                        <failure>
                          <message><![CDATA[TestFixtureSetUp failed in SetUp]]></message>
                          <stack-trace />
                        </failure>
                      </test-case>
                      <test-case name="Kistl.API.Tests.LinqExtensionsTests.AddEqualityCondition_InvalidType" executed="True" success="False" time="0.000" asserts="0">
                        <failure>
                          <message><![CDATA[TestFixtureSetUp failed in SetUp]]></message>
                          <stack-trace />
                        </failure>
                      </test-case>
                      <test-case name="Kistl.API.Tests.LinqExtensionsTests.AddFilter" executed="True" success="False" time="0.000" asserts="0">
                        <failure>
                          <message><![CDATA[TestFixtureSetUp failed in SetUp]]></message>
                          <stack-trace />
                        </failure>
                      </test-case>
                      <test-case name="Kistl.API.Tests.LinqExtensionsTests.AddFilter_IllegalExpression" executed="True" success="False" time="0.000" asserts="0">
                        <failure>
                          <message><![CDATA[TestFixtureSetUp failed in SetUp]]></message>
                          <stack-trace />
                        </failure>
                      </test-case>
                      <test-case name="Kistl.API.Tests.LinqExtensionsTests.AddOrderBy" executed="True" success="False" time="0.000" asserts="0">
                        <failure>
                          <message><![CDATA[TestFixtureSetUp failed in SetUp]]></message>
                          <stack-trace />
                        </failure>
                      </test-case>
                      <test-case name="Kistl.API.Tests.LinqExtensionsTests.AddOrderBy_WithQuote" executed="True" success="False" time="0.000" asserts="0">
                        <failure>
                          <message><![CDATA[TestFixtureSetUp failed in SetUp]]></message>
                          <stack-trace />
                        </failure>
                      </test-case>
                      <test-case name="Kistl.API.Tests.LinqExtensionsTests.GetExpressionValue_Constant" executed="True" success="False" time="0.000" asserts="0">
                        <failure>
                          <message><![CDATA[TestFixtureSetUp failed in SetUp]]></message>
                          <stack-trace />
                        </failure>
                      </test-case>
                      <test-case name="Kistl.API.Tests.LinqExtensionsTests.GetExpressionValue_LambdaExpression" executed="True" success="False" time="0.000" asserts="0">
                        <failure>
                          <message><![CDATA[TestFixtureSetUp failed in SetUp]]></message>
                          <stack-trace />
                        </failure>
                      </test-case>
                      <test-case name="Kistl.API.Tests.LinqExtensionsTests.GetExpressionValue_MemberExpression_Field" executed="True" success="False" time="0.000" asserts="0">
                        <failure>
                          <message><![CDATA[TestFixtureSetUp failed in SetUp]]></message>
                          <stack-trace />
                        </failure>
                      </test-case>
                      <test-case name="Kistl.API.Tests.LinqExtensionsTests.GetExpressionValue_MemberExpression_Property" executed="True" success="False" time="0.000" asserts="0">
                        <failure>
                          <message><![CDATA[TestFixtureSetUp failed in SetUp]]></message>
                          <stack-trace />
                        </failure>
                      </test-case>
                      <test-suite name="Kistl.API.Tests.LinqExtensionsTests" success="False" time="0.000" asserts="0">
                        <results />
                      </test-suite>
                      <test-case name="Kistl.API.Tests.NotifyingObservableCollectionTests.Event" executed="True" success="False" time="0.000" asserts="0">
                        <failure>
                          <message><![CDATA[TestFixtureSetUp failed in SetUp]]></message>
                          <stack-trace />
                        </failure>
                      </test-case>
                      <test-case name="Kistl.API.Tests.NotifyingObservableCollectionTests.List" executed="True" success="False" time="0.000" asserts="0">
                        <failure>
                          <message><![CDATA[TestFixtureSetUp failed in SetUp]]></message>
                          <stack-trace />
                        </failure>
                      </test-case>
                      <test-case name="Kistl.API.Tests.NotifyingObservableCollectionTests.SetItem" executed="True" success="False" time="0.000" asserts="0">
                        <failure>
                          <message><![CDATA[TestFixtureSetUp failed in SetUp]]></message>
                          <stack-trace />
                        </failure>
                      </test-case>
                      <test-suite name="Kistl.API.Tests.NotifyingObservableCollectionTests" success="False" time="0.000" asserts="0">
                        <results />
                      </test-suite>
                      <test-case name="Kistl.API.Tests.ObjectTypeTests.Constructor_Empty" executed="True" success="False" time="0.000" asserts="0">
                        <failure>
                          <message><![CDATA[TestFixtureSetUp failed in SetUp]]></message>
                          <stack-trace />
                        </failure>
                      </test-case>
                      <test-case name="Kistl.API.Tests.ObjectTypeTests.Constructor_IDataObject" executed="True" success="False" time="0.000" asserts="0">
                        <failure>
                          <message><![CDATA[TestFixtureSetUp failed in SetUp]]></message>
                          <stack-trace />
                        </failure>
                      </test-case>
                      <test-case name="Kistl.API.Tests.ObjectTypeTests.Constructor_Namespace_Classname" executed="True" success="False" time="0.000" asserts="0">
                        <failure>
                          <message><![CDATA[TestFixtureSetUp failed in SetUp]]></message>
                          <stack-trace />
                        </failure>
                      </test-case>
                      <test-case name="Kistl.API.Tests.ObjectTypeTests.Constructor_String" executed="True" success="False" time="0.000" asserts="0">
                        <failure>
                          <message><![CDATA[TestFixtureSetUp failed in SetUp]]></message>
                          <stack-trace />
                        </failure>
                      </test-case>
                      <test-case name="Kistl.API.Tests.ObjectTypeTests.Constructor_Type" executed="True" success="False" time="0.000" asserts="0">
                        <failure>
                          <message><![CDATA[TestFixtureSetUp failed in SetUp]]></message>
                          <stack-trace />
                        </failure>
                      </test-case>
                      <test-case name="Kistl.API.Tests.ObjectTypeTests.HashCode" executed="True" success="False" time="0.000" asserts="0">
                        <failure>
                          <message><![CDATA[TestFixtureSetUp failed in SetUp]]></message>
                          <stack-trace />
                        </failure>
                      </test-case>
                      <test-case name="Kistl.API.Tests.ObjectTypeTests.InitAssembly" executed="True" success="False" time="0.000" asserts="0">
                        <failure>
                          <message><![CDATA[TestFixtureSetUp failed in SetUp]]></message>
                          <stack-trace />
                        </failure>
                      </test-case>
                      <test-case name="Kistl.API.Tests.ObjectTypeTests.InitFail" executed="True" success="False" time="0.000" asserts="0">
                        <failure>
                          <message><![CDATA[TestFixtureSetUp failed in SetUp]]></message>
                          <stack-trace />
                        </failure>
                      </test-case>
                      <test-case name="Kistl.API.Tests.ObjectTypeTests.InitString" executed="True" success="False" time="0.000" asserts="0">
                        <failure>
                          <message><![CDATA[TestFixtureSetUp failed in SetUp]]></message>
                          <stack-trace />
                        </failure>
                      </test-case>
                      <test-case name="Kistl.API.Tests.ObjectTypeTests.NewDataObject" executed="True" success="False" time="0.000" asserts="0">
                        <failure>
                          <message><![CDATA[TestFixtureSetUp failed in SetUp]]></message>
                          <stack-trace />
                        </failure>
                      </test-case>
                      <test-case name="Kistl.API.Tests.ObjectTypeTests.NewDataObject_Empty" executed="True" success="False" time="0.000" asserts="0">
                        <failure>
                          <message><![CDATA[TestFixtureSetUp failed in SetUp]]></message>
                          <stack-trace />
                        </failure>
                      </test-case>
                      <test-case name="Kistl.API.Tests.ObjectTypeTests.NewDataObject_TypeNotFound" executed="True" success="False" time="0.000" asserts="0">
                        <failure>
                          <message><![CDATA[TestFixtureSetUp failed in SetUp]]></message>
                          <stack-trace />
                        </failure>
                      </test-case>
                      <test-case name="Kistl.API.Tests.ObjectTypeTests.NewDataObject_TypeNotIDataObject" executed="True" success="False" time="0.000" asserts="0">
                        <failure>
                          <message><![CDATA[TestFixtureSetUp failed in SetUp]]></message>
                          <stack-trace />
                        </failure>
                      </test-case>
                      <test-suite name="Kistl.API.Tests.ObjectTypeTests" success="False" time="0.000" asserts="0">
                        <results />
                      </test-suite>
                      <test-case name="Kistl.API.Tests.SerializableExpressionTests.FromExpression_Null" executed="True" success="False" time="0.000" asserts="0">
                        <failure>
                          <message><![CDATA[TestFixtureSetUp failed in SetUp]]></message>
                          <stack-trace />
                        </failure>
                      </test-case>
                      <test-case name="Kistl.API.Tests.SerializableExpressionTests.SerializableType_InvalidType" executed="True" success="False" time="0.000" asserts="0">
                        <failure>
                          <message><![CDATA[TestFixtureSetUp failed in SetUp]]></message>
                          <stack-trace />
                        </failure>
                      </test-case>
                      <test-case name="Kistl.API.Tests.SerializableExpressionTests.SerializableType_InvalidType_Generic" executed="True" success="False" time="0.000" asserts="0">
                        <failure>
                          <message><![CDATA[TestFixtureSetUp failed in SetUp]]></message>
                          <stack-trace />
                        </failure>
                      </test-case>
                      <test-case name="Kistl.API.Tests.SerializableExpressionTests.SerializableType_Valid" executed="True" success="False" time="0.000" asserts="0">
                        <failure>
                          <message><![CDATA[TestFixtureSetUp failed in SetUp]]></message>
                          <stack-trace />
                        </failure>
                      </test-case>
                      <test-suite name="Kistl.API.Tests.SerializableExpressionTests" success="False" time="0.000" asserts="0">
                        <results />
                      </test-suite>
                    </results>
                  </test-suite>
                </results>
              </test-suite>
            </results>
          </test-suite>
        </results>
      </test-suite>
      <test-suite name="E:\Projekte\Kistl\Tests\CompleteTests\bin\Debug\Kistl.Client.Tests.exe" success="False" time="0.047" asserts="0">
        <failure>
          <message><![CDATA[System.InvalidOperationException : Configuration already setuped]]></message>
          <stack-trace><![CDATA[bei Kistl.API.Configuration.KistlConfig.Init(String file) in E:\Projekte\Kistl\Kistl.API\Configuration\KistlConfig.cs:Zeile 58.
bei Kistl.API.APIInit.Init(String configFile) in E:\Projekte\Kistl\Kistl.API\APIInit.cs:Zeile 35.
bei SetUp.Init() in E:\Projekte\Kistl\Tests\Kistl.Client.Tests\SetUp.cs:Zeile 23.
]]></stack-trace>
        </failure>
        <results>
          <test-case name="Kistl.GUI.Integration.WPF.ObjectReferenceControlIntegrationTests.HandleInvalidUserInput" executed="True" success="False" time="0.000" asserts="0">
            <failure>
              <message><![CDATA[TestFixtureSetUp failed in SetUp]]></message>
              <stack-trace />
            </failure>
          </test-case>
          <test-case name="Kistl.GUI.Integration.WPF.ObjectReferenceControlIntegrationTests.HandleNoUserInput" executed="True" success="False" time="0.000" asserts="0">
            <failure>
              <message><![CDATA[TestFixtureSetUp failed in SetUp]]></message>
              <stack-trace />
            </failure>
          </test-case>
          <test-case name="Kistl.GUI.Integration.WPF.ObjectReferenceControlIntegrationTests.HandleNullUserInput" executed="True" success="False" time="0.000" asserts="0">
            <failure>
              <message><![CDATA[TestFixtureSetUp failed in SetUp]]></message>
              <stack-trace />
            </failure>
          </test-case>
          <test-case name="Kistl.GUI.Integration.WPF.ObjectReferenceControlIntegrationTests.HandleProgrammaticChange" executed="True" success="False" time="0.000" asserts="0">
            <failure>
              <message><![CDATA[TestFixtureSetUp failed in SetUp]]></message>
              <stack-trace />
            </failure>
          </test-case>
          <test-case name="Kistl.GUI.Integration.WPF.ObjectReferenceControlIntegrationTests.HandleValidUserInput" executed="True" success="False" time="0.000" asserts="0">
            <failure>
              <message><![CDATA[TestFixtureSetUp failed in SetUp]]></message>
              <stack-trace />
            </failure>
          </test-case>
          <test-case name="Kistl.GUI.Integration.WPF.ObjectReferenceControlIntegrationTests.ReInit" executed="True" success="False" time="0.000" asserts="0">
            <failure>
              <message><![CDATA[TestFixtureSetUp failed in SetUp]]></message>
              <stack-trace />
            </failure>
          </test-case>
          <test-case name="Kistl.GUI.Integration.WPF.ObjectReferenceControlIntegrationTests.TestPresenterSetUpCorrect" executed="True" success="False" time="0.000" asserts="0">
            <failure>
              <message><![CDATA[TestFixtureSetUp failed in SetUp]]></message>
              <stack-trace />
            </failure>
          </test-case>
          <test-suite name="Kistl.GUI.Integration.WPF.ObjectReferenceControlIntegrationTests" success="False" time="0.000" asserts="0">
            <results />
          </test-suite>
          <test-suite name="Kistl.GUI.Integration.WPF" success="False" time="0.000" asserts="0">
            <results />
          </test-suite>
          <test-suite name="Kistl.GUI.Integration" success="False" time="0.000" asserts="0">
            <results />
          </test-suite>
          <test-case name="Kistl.GUI.Renderer.WPF.Tests.BoolControlTests.TestDescription" executed="True" success="False" time="0.000" asserts="0">
            <failure>
              <message><![CDATA[TestFixtureSetUp failed in SetUp]]></message>
              <stack-trace />
            </failure>
          </test-case>
          <test-case name="Kistl.GUI.Renderer.WPF.Tests.BoolControlTests.TestFieldSize" executed="True" success="False" time="0.000" asserts="0">
            <failure>
              <message><![CDATA[TestFixtureSetUp failed in SetUp]]></message>
              <stack-trace />
            </failure>
          </test-case>
          <test-case name="Kistl.GUI.Renderer.WPF.Tests.BoolControlTests.TestSetUpCorrect" executed="True" success="False" time="0.000" asserts="0">
            <failure>
              <message><![CDATA[TestFixtureSetUp failed in SetUp]]></message>
              <stack-trace />
            </failure>
          </test-case>
          <test-case name="Kistl.GUI.Renderer.WPF.Tests.BoolControlTests.TestShortLabel" executed="True" success="False" time="0.000" asserts="0">
            <failure>
              <message><![CDATA[TestFixtureSetUp failed in SetUp]]></message>
              <stack-trace />
            </failure>
          </test-case>
          <test-suite name="Kistl.GUI.Renderer.WPF.Tests.BoolControlTests" success="False" time="0.000" asserts="0">
            <results />
          </test-suite>
          <test-case name="Kistl.GUI.Renderer.WPF.Tests.DateTimeControlTests.TestDescription" executed="True" success="False" time="0.000" asserts="0">
            <failure>
              <message><![CDATA[TestFixtureSetUp failed in SetUp]]></message>
              <stack-trace />
            </failure>
          </test-case>
          <test-case name="Kistl.GUI.Renderer.WPF.Tests.DateTimeControlTests.TestFieldSize" executed="True" success="False" time="0.000" asserts="0">
            <failure>
              <message><![CDATA[TestFixtureSetUp failed in SetUp]]></message>
              <stack-trace />
            </failure>
          </test-case>
          <test-case name="Kistl.GUI.Renderer.WPF.Tests.DateTimeControlTests.TestSetUpCorrect" executed="True" success="False" time="0.000" asserts="0">
            <failure>
              <message><![CDATA[TestFixtureSetUp failed in SetUp]]></message>
              <stack-trace />
            </failure>
          </test-case>
          <test-case name="Kistl.GUI.Renderer.WPF.Tests.DateTimeControlTests.TestShortLabel" executed="True" success="False" time="0.000" asserts="0">
            <failure>
              <message><![CDATA[TestFixtureSetUp failed in SetUp]]></message>
              <stack-trace />
            </failure>
          </test-case>
          <test-suite name="Kistl.GUI.Renderer.WPF.Tests.DateTimeControlTests" success="False" time="0.000" asserts="0">
            <results />
          </test-suite>
          <test-case name="Kistl.GUI.Renderer.WPF.Tests.DoubleControlTests.TestDescription" executed="True" success="False" time="0.000" asserts="0">
            <failure>
              <message><![CDATA[TestFixtureSetUp failed in SetUp]]></message>
              <stack-trace />
            </failure>
          </test-case>
          <test-case name="Kistl.GUI.Renderer.WPF.Tests.DoubleControlTests.TestFieldSize" executed="True" success="False" time="0.000" asserts="0">
            <failure>
              <message><![CDATA[TestFixtureSetUp failed in SetUp]]></message>
              <stack-trace />
            </failure>
          </test-case>
          <test-case name="Kistl.GUI.Renderer.WPF.Tests.DoubleControlTests.TestSetUpCorrect" executed="True" success="False" time="0.000" asserts="0">
            <failure>
              <message><![CDATA[TestFixtureSetUp failed in SetUp]]></message>
              <stack-trace />
            </failure>
          </test-case>
          <test-case name="Kistl.GUI.Renderer.WPF.Tests.DoubleControlTests.TestShortLabel" executed="True" success="False" time="0.000" asserts="0">
            <failure>
              <message><![CDATA[TestFixtureSetUp failed in SetUp]]></message>
              <stack-trace />
            </failure>
          </test-case>
          <test-suite name="Kistl.GUI.Renderer.WPF.Tests.DoubleControlTests" success="False" time="0.000" asserts="0">
            <results />
          </test-suite>
          <test-case name="Kistl.GUI.Renderer.WPF.Tests.IntControlTests.TestDescription" executed="True" success="False" time="0.000" asserts="0">
            <failure>
              <message><![CDATA[TestFixtureSetUp failed in SetUp]]></message>
              <stack-trace />
            </failure>
          </test-case>
          <test-case name="Kistl.GUI.Renderer.WPF.Tests.IntControlTests.TestFieldSize" executed="True" success="False" time="0.000" asserts="0">
            <failure>
              <message><![CDATA[TestFixtureSetUp failed in SetUp]]></message>
              <stack-trace />
            </failure>
          </test-case>
          <test-case name="Kistl.GUI.Renderer.WPF.Tests.IntControlTests.TestSetUpCorrect" executed="True" success="False" time="0.000" asserts="0">
            <failure>
              <message><![CDATA[TestFixtureSetUp failed in SetUp]]></message>
              <stack-trace />
            </failure>
          </test-case>
          <test-case name="Kistl.GUI.Renderer.WPF.Tests.IntControlTests.TestShortLabel" executed="True" success="False" time="0.000" asserts="0">
            <failure>
              <message><![CDATA[TestFixtureSetUp failed in SetUp]]></message>
              <stack-trace />
            </failure>
          </test-case>
          <test-suite name="Kistl.GUI.Renderer.WPF.Tests.IntControlTests" success="False" time="0.000" asserts="0">
            <results />
          </test-suite>
          <test-case name="Kistl.GUI.Renderer.WPF.Tests.ObjectReferenceControlTests.TestLoadedType" executed="True" success="False" time="0.000" asserts="0">
            <failure>
              <message><![CDATA[TestFixtureSetUp failed in SetUp]]></message>
              <stack-trace />
            </failure>
          </test-case>
          <test-case name="Kistl.GUI.Renderer.WPF.Tests.ObjectReferenceControlTests.TestUserInput" executed="True" success="False" time="0.000" asserts="0">
            <failure>
              <message><![CDATA[TestFixtureSetUp failed in SetUp]]></message>
              <stack-trace />
            </failure>
          </test-case>
          <test-case name="Kistl.GUI.Renderer.WPF.Tests.ObjectReferenceControlTests.TestUserInputSupression" executed="True" success="False" time="0.000" asserts="0">
            <failure>
              <message><![CDATA[TestFixtureSetUp failed in SetUp]]></message>
              <stack-trace />
            </failure>
          </test-case>
          <test-case name="Kistl.GUI.Renderer.WPF.Tests.ObjectReferenceControlTests.TestWithPresenter" executed="True" success="False" time="0.000" asserts="0">
            <failure>
              <message><![CDATA[TestFixtureSetUp failed in SetUp]]></message>
              <stack-trace />
            </failure>
          </test-case>
          <test-suite name="Kistl.GUI.Renderer.WPF.Tests.ObjectReferenceControlTests" success="False" time="0.000" asserts="0">
            <results />
          </test-suite>
          <test-case name="Kistl.GUI.Renderer.WPF.Tests.StringControlTests.TestDescription" executed="True" success="False" time="0.000" asserts="0">
            <failure>
              <message><![CDATA[TestFixtureSetUp failed in SetUp]]></message>
              <stack-trace />
            </failure>
          </test-case>
          <test-case name="Kistl.GUI.Renderer.WPF.Tests.StringControlTests.TestFieldSize" executed="True" success="False" time="0.000" asserts="0">
            <failure>
              <message><![CDATA[TestFixtureSetUp failed in SetUp]]></message>
              <stack-trace />
            </failure>
          </test-case>
          <test-case name="Kistl.GUI.Renderer.WPF.Tests.StringControlTests.TestSetUpCorrect" executed="True" success="False" time="0.000" asserts="0">
            <failure>
              <message><![CDATA[TestFixtureSetUp failed in SetUp]]></message>
              <stack-trace />
            </failure>
          </test-case>
          <test-case name="Kistl.GUI.Renderer.WPF.Tests.StringControlTests.TestShortLabel" executed="True" success="False" time="0.000" asserts="0">
            <failure>
              <message><![CDATA[TestFixtureSetUp failed in SetUp]]></message>
              <stack-trace />
            </failure>
          </test-case>
          <test-suite name="Kistl.GUI.Renderer.WPF.Tests.StringControlTests" success="False" time="0.000" asserts="0">
            <results />
          </test-suite>
          <test-suite name="Kistl.GUI.Renderer.WPF.Tests" success="False" time="0.000" asserts="0">
            <results />
          </test-suite>
          <test-suite name="Kistl.GUI.Renderer.WPF" success="False" time="0.000" asserts="0">
            <results />
          </test-suite>
          <test-suite name="Kistl.GUI.Renderer" success="False" time="0.000" asserts="0">
            <results />
          </test-suite>
          <test-case name="Kistl.GUI.Tests.BoolPresenterTests.HandleInvalidUserInput" executed="True" success="False" time="0.000" asserts="0">
            <failure>
              <message><![CDATA[TestFixtureSetUp failed in SetUp]]></message>
              <stack-trace />
            </failure>
          </test-case>
          <test-case name="Kistl.GUI.Tests.BoolPresenterTests.HandleNoUserInput" executed="True" success="False" time="0.000" asserts="0">
            <failure>
              <message><![CDATA[TestFixtureSetUp failed in SetUp]]></message>
              <stack-trace />
            </failure>
          </test-case>
          <test-case name="Kistl.GUI.Tests.BoolPresenterTests.HandleNullUserInput" executed="True" success="False" time="0.000" asserts="0">
            <failure>
              <message><![CDATA[TestFixtureSetUp failed in SetUp]]></message>
              <stack-trace />
            </failure>
          </test-case>
          <test-case name="Kistl.GUI.Tests.BoolPresenterTests.HandleProgrammaticChange" executed="True" success="False" time="0.000" asserts="0">
            <failure>
              <message><![CDATA[TestFixtureSetUp failed in SetUp]]></message>
              <stack-trace />
            </failure>
          </test-case>
          <test-case name="Kistl.GUI.Tests.BoolPresenterTests.HandleValidUserInput" executed="True" success="False" time="0.000" asserts="0">
            <failure>
              <message><![CDATA[TestFixtureSetUp failed in SetUp]]></message>
              <stack-trace />
            </failure>
          </test-case>
          <test-case name="Kistl.GUI.Tests.BoolPresenterTests.ReInit" executed="True" success="False" time="0.000" asserts="0">
            <failure>
              <message><![CDATA[TestFixtureSetUp failed in SetUp]]></message>
              <stack-trace />
            </failure>
          </test-case>
          <test-case name="Kistl.GUI.Tests.BoolPresenterTests.TestPresenterSetUpCorrect" executed="True" success="False" time="0.000" asserts="0">
            <failure>
              <message><![CDATA[TestFixtureSetUp failed in SetUp]]></message>
              <stack-trace />
            </failure>
          </test-case>
          <test-suite name="Kistl.GUI.Tests.BoolPresenterTests" success="False" time="0.000" asserts="0">
            <results />
          </test-suite>
          <test-case name="Kistl.GUI.Tests.DateTimePresenterTests.HandleInvalidUserInput" executed="True" success="False" time="0.000" asserts="0">
            <failure>
              <message><![CDATA[TestFixtureSetUp failed in SetUp]]></message>
              <stack-trace />
            </failure>
          </test-case>
          <test-case name="Kistl.GUI.Tests.DateTimePresenterTests.HandleNoUserInput" executed="True" success="False" time="0.000" asserts="0">
            <failure>
              <message><![CDATA[TestFixtureSetUp failed in SetUp]]></message>
              <stack-trace />
            </failure>
          </test-case>
          <test-case name="Kistl.GUI.Tests.DateTimePresenterTests.HandleNullUserInput" executed="True" success="False" time="0.000" asserts="0">
            <failure>
              <message><![CDATA[TestFixtureSetUp failed in SetUp]]></message>
              <stack-trace />
            </failure>
          </test-case>
          <test-case name="Kistl.GUI.Tests.DateTimePresenterTests.HandleProgrammaticChange" executed="True" success="False" time="0.000" asserts="0">
            <failure>
              <message><![CDATA[TestFixtureSetUp failed in SetUp]]></message>
              <stack-trace />
            </failure>
          </test-case>
          <test-case name="Kistl.GUI.Tests.DateTimePresenterTests.HandleValidUserInput" executed="True" success="False" time="0.000" asserts="0">
            <failure>
              <message><![CDATA[TestFixtureSetUp failed in SetUp]]></message>
              <stack-trace />
            </failure>
          </test-case>
          <test-case name="Kistl.GUI.Tests.DateTimePresenterTests.ReInit" executed="True" success="False" time="0.000" asserts="0">
            <failure>
              <message><![CDATA[TestFixtureSetUp failed in SetUp]]></message>
              <stack-trace />
            </failure>
          </test-case>
          <test-case name="Kistl.GUI.Tests.DateTimePresenterTests.TestPresenterSetUpCorrect" executed="True" success="False" time="0.000" asserts="0">
            <failure>
              <message><![CDATA[TestFixtureSetUp failed in SetUp]]></message>
              <stack-trace />
            </failure>
          </test-case>
          <test-suite name="Kistl.GUI.Tests.DateTimePresenterTests" success="False" time="0.000" asserts="0">
            <results />
          </test-suite>
          <test-case name="Kistl.GUI.Tests.DoublePresenterTests.HandleInvalidUserInput" executed="True" success="False" time="0.000" asserts="0">
            <failure>
              <message><![CDATA[TestFixtureSetUp failed in SetUp]]></message>
              <stack-trace />
            </failure>
          </test-case>
          <test-case name="Kistl.GUI.Tests.DoublePresenterTests.HandleNoUserInput" executed="True" success="False" time="0.000" asserts="0">
            <failure>
              <message><![CDATA[TestFixtureSetUp failed in SetUp]]></message>
              <stack-trace />
            </failure>
          </test-case>
          <test-case name="Kistl.GUI.Tests.DoublePresenterTests.HandleNullUserInput" executed="True" success="False" time="0.000" asserts="0">
            <failure>
              <message><![CDATA[TestFixtureSetUp failed in SetUp]]></message>
              <stack-trace />
            </failure>
          </test-case>
          <test-case name="Kistl.GUI.Tests.DoublePresenterTests.HandleProgrammaticChange" executed="True" success="False" time="0.000" asserts="0">
            <failure>
              <message><![CDATA[TestFixtureSetUp failed in SetUp]]></message>
              <stack-trace />
            </failure>
          </test-case>
          <test-case name="Kistl.GUI.Tests.DoublePresenterTests.HandleValidUserInput" executed="True" success="False" time="0.000" asserts="0">
            <failure>
              <message><![CDATA[TestFixtureSetUp failed in SetUp]]></message>
              <stack-trace />
            </failure>
          </test-case>
          <test-case name="Kistl.GUI.Tests.DoublePresenterTests.ReInit" executed="True" success="False" time="0.000" asserts="0">
            <failure>
              <message><![CDATA[TestFixtureSetUp failed in SetUp]]></message>
              <stack-trace />
            </failure>
          </test-case>
          <test-case name="Kistl.GUI.Tests.DoublePresenterTests.TestPresenterSetUpCorrect" executed="True" success="False" time="0.000" asserts="0">
            <failure>
              <message><![CDATA[TestFixtureSetUp failed in SetUp]]></message>
              <stack-trace />
            </failure>
          </test-case>
          <test-suite name="Kistl.GUI.Tests.DoublePresenterTests" success="False" time="0.000" asserts="0">
            <results />
          </test-suite>
          <test-case name="Kistl.GUI.Tests.GuiDbTests.CreatePresenterFailNoInfo" executed="True" success="False" time="0.000" asserts="0">
            <failure>
              <message><![CDATA[TestFixtureSetUp failed in SetUp]]></message>
              <stack-trace />
            </failure>
          </test-case>
          <test-case name="Kistl.GUI.Tests.GuiDbTests.CreatePresenterFailNoObject" executed="True" success="False" time="0.000" asserts="0">
            <failure>
              <message><![CDATA[TestFixtureSetUp failed in SetUp]]></message>
              <stack-trace />
            </failure>
          </test-case>
          <test-case name="Kistl.GUI.Tests.GuiDbTests.CreatePresenterFailNoVisual" executed="True" success="False" time="0.000" asserts="0">
            <failure>
              <message><![CDATA[TestFixtureSetUp failed in SetUp]]></message>
              <stack-trace />
            </failure>
          </test-case>
          <test-case name="Kistl.GUI.Tests.GuiDbTests.CreatePresenterFailNoWidget" executed="True" success="False" time="0.000" asserts="0">
            <failure>
              <message><![CDATA[TestFixtureSetUp failed in SetUp]]></message>
              <stack-trace />
            </failure>
          </test-case>
          <test-case name="Kistl.GUI.Tests.GuiDbTests.ReInit" executed="True" success="False" time="0.000" asserts="0">
            <failure>
              <message><![CDATA[TestFixtureSetUp failed in SetUp]]></message>
              <stack-trace />
            </failure>
          </test-case>
          <test-case name="Kistl.GUI.Tests.GuiDbTests.TestPresenterSetUpCorrect" executed="True" success="False" time="0.000" asserts="0">
            <failure>
              <message><![CDATA[TestFixtureSetUp failed in SetUp]]></message>
              <stack-trace />
            </failure>
          </test-case>
          <test-suite name="Kistl.GUI.Tests.GuiDbTests" success="False" time="0.000" asserts="0">
            <results />
          </test-suite>
          <test-case name="Kistl.GUI.Tests.IntPresenterTests.HandleInvalidUserInput" executed="True" success="False" time="0.000" asserts="0">
            <failure>
              <message><![CDATA[TestFixtureSetUp failed in SetUp]]></message>
              <stack-trace />
            </failure>
          </test-case>
          <test-case name="Kistl.GUI.Tests.IntPresenterTests.HandleNoUserInput" executed="True" success="False" time="0.000" asserts="0">
            <failure>
              <message><![CDATA[TestFixtureSetUp failed in SetUp]]></message>
              <stack-trace />
            </failure>
          </test-case>
          <test-case name="Kistl.GUI.Tests.IntPresenterTests.HandleNullUserInput" executed="True" success="False" time="0.000" asserts="0">
            <failure>
              <message><![CDATA[TestFixtureSetUp failed in SetUp]]></message>
              <stack-trace />
            </failure>
          </test-case>
          <test-case name="Kistl.GUI.Tests.IntPresenterTests.HandleProgrammaticChange" executed="True" success="False" time="0.000" asserts="0">
            <failure>
              <message><![CDATA[TestFixtureSetUp failed in SetUp]]></message>
              <stack-trace />
            </failure>
          </test-case>
          <test-case name="Kistl.GUI.Tests.IntPresenterTests.HandleValidUserInput" executed="True" success="False" time="0.000" asserts="0">
            <failure>
              <message><![CDATA[TestFixtureSetUp failed in SetUp]]></message>
              <stack-trace />
            </failure>
          </test-case>
          <test-case name="Kistl.GUI.Tests.IntPresenterTests.ReInit" executed="True" success="False" time="0.000" asserts="0">
            <failure>
              <message><![CDATA[TestFixtureSetUp failed in SetUp]]></message>
              <stack-trace />
            </failure>
          </test-case>
          <test-case name="Kistl.GUI.Tests.IntPresenterTests.TestPresenterSetUpCorrect" executed="True" success="False" time="0.000" asserts="0">
            <failure>
              <message><![CDATA[TestFixtureSetUp failed in SetUp]]></message>
              <stack-trace />
            </failure>
          </test-case>
          <test-suite name="Kistl.GUI.Tests.IntPresenterTests" success="False" time="0.000" asserts="0">
            <results />
          </test-suite>
          <test-case name="Kistl.GUI.Tests.ObjectReferencePresenterTests.HandleInvalidUserInput" executed="True" success="False" time="0.000" asserts="0">
            <failure>
              <message><![CDATA[TestFixtureSetUp failed in SetUp]]></message>
              <stack-trace />
            </failure>
          </test-case>
          <test-case name="Kistl.GUI.Tests.ObjectReferencePresenterTests.HandleNoUserInput" executed="True" success="False" time="0.000" asserts="0">
            <failure>
              <message><![CDATA[TestFixtureSetUp failed in SetUp]]></message>
              <stack-trace />
            </failure>
          </test-case>
          <test-case name="Kistl.GUI.Tests.ObjectReferencePresenterTests.HandleNullUserInput" executed="True" success="False" time="0.000" asserts="0">
            <failure>
              <message><![CDATA[TestFixtureSetUp failed in SetUp]]></message>
              <stack-trace />
            </failure>
          </test-case>
          <test-case name="Kistl.GUI.Tests.ObjectReferencePresenterTests.HandleProgrammaticChange" executed="True" success="False" time="0.000" asserts="0">
            <failure>
              <message><![CDATA[TestFixtureSetUp failed in SetUp]]></message>
              <stack-trace />
            </failure>
          </test-case>
          <test-case name="Kistl.GUI.Tests.ObjectReferencePresenterTests.HandleValidUserInput" executed="True" success="False" time="0.000" asserts="0">
            <failure>
              <message><![CDATA[TestFixtureSetUp failed in SetUp]]></message>
              <stack-trace />
            </failure>
          </test-case>
          <test-case name="Kistl.GUI.Tests.ObjectReferencePresenterTests.ReInit" executed="True" success="False" time="0.000" asserts="0">
            <failure>
              <message><![CDATA[TestFixtureSetUp failed in SetUp]]></message>
              <stack-trace />
            </failure>
          </test-case>
          <test-case name="Kistl.GUI.Tests.ObjectReferencePresenterTests.TestPresenterSetUpCorrect" executed="True" success="False" time="0.000" asserts="0">
            <failure>
              <message><![CDATA[TestFixtureSetUp failed in SetUp]]></message>
              <stack-trace />
            </failure>
          </test-case>
          <test-suite name="Kistl.GUI.Tests.ObjectReferencePresenterTests" success="False" time="0.000" asserts="0">
            <results />
          </test-suite>
          <test-case name="Kistl.GUI.Tests.StringPresenterTests.HandleInvalidUserInput" executed="True" success="False" time="0.000" asserts="0">
            <failure>
              <message><![CDATA[TestFixtureSetUp failed in SetUp]]></message>
              <stack-trace />
            </failure>
          </test-case>
          <test-case name="Kistl.GUI.Tests.StringPresenterTests.HandleNoUserInput" executed="True" success="False" time="0.000" asserts="0">
            <failure>
              <message><![CDATA[TestFixtureSetUp failed in SetUp]]></message>
              <stack-trace />
            </failure>
          </test-case>
          <test-case name="Kistl.GUI.Tests.StringPresenterTests.HandleNullUserInput" executed="True" success="False" time="0.000" asserts="0">
            <failure>
              <message><![CDATA[TestFixtureSetUp failed in SetUp]]></message>
              <stack-trace />
            </failure>
          </test-case>
          <test-case name="Kistl.GUI.Tests.StringPresenterTests.HandleProgrammaticChange" executed="True" success="False" time="0.000" asserts="0">
            <failure>
              <message><![CDATA[TestFixtureSetUp failed in SetUp]]></message>
              <stack-trace />
            </failure>
          </test-case>
          <test-case name="Kistl.GUI.Tests.StringPresenterTests.HandleValidUserInput" executed="True" success="False" time="0.000" asserts="0">
            <failure>
              <message><![CDATA[TestFixtureSetUp failed in SetUp]]></message>
              <stack-trace />
            </failure>
          </test-case>
          <test-case name="Kistl.GUI.Tests.StringPresenterTests.ReInit" executed="True" success="False" time="0.000" asserts="0">
            <failure>
              <message><![CDATA[TestFixtureSetUp failed in SetUp]]></message>
              <stack-trace />
            </failure>
          </test-case>
          <test-case name="Kistl.GUI.Tests.StringPresenterTests.TestPresenterSetUpCorrect" executed="True" success="False" time="0.000" asserts="0">
            <failure>
              <message><![CDATA[TestFixtureSetUp failed in SetUp]]></message>
              <stack-trace />
            </failure>
          </test-case>
          <test-suite name="Kistl.GUI.Tests.StringPresenterTests" success="False" time="0.000" asserts="0">
            <results />
          </test-suite>
          <test-suite name="Kistl.GUI.Tests" success="False" time="0.000" asserts="0">
            <results />
          </test-suite>
          <test-suite name="Kistl.GUI" success="False" time="0.000" asserts="0">
            <results />
          </test-suite>
          <test-suite name="Kistl" success="False" time="0.000" asserts="0">
            <results />
          </test-suite>
        </results>
      </test-suite>
      <test-suite name="E:\Projekte\Kistl\Tests\CompleteTests\bin\Debug\Kistl.IntegrationTests.exe" success="False" time="0.016" asserts="0">
        <results>
          <test-suite name="Kistl" success="False" time="0.016" asserts="0">
            <results>
              <test-suite name="IntegrationTests" success="False" time="0.016" asserts="0">
                <failure>
                  <message><![CDATA[System.InvalidOperationException : Configuration already setuped]]></message>
                  <stack-trace><![CDATA[bei Kistl.API.Configuration.KistlConfig.Init(String file) in E:\Projekte\Kistl\Kistl.API\Configuration\KistlConfig.cs:Zeile 58.
bei Kistl.API.APIInit.Init(String configFile) in E:\Projekte\Kistl\Kistl.API\APIInit.cs:Zeile 35.
bei Kistl.IntegrationTests.SetUp.Init() in E:\Projekte\Kistl\Tests\Kistl.IntegrationTests\SetUp.cs:Zeile 23.
]]></stack-trace>
                </failure>
                <results>
                  <test-case name="Kistl.IntegrationTests.GeneratorTests.Generate" executed="True" success="False" time="0.000" asserts="0">
                    <failure>
                      <message><![CDATA[TestFixtureSetUp failed in SetUp]]></message>
                      <stack-trace />
                    </failure>
                  </test-case>
                  <test-suite name="Kistl.IntegrationTests.GeneratorTests" success="False" time="0.000" asserts="0">
                    <results />
                  </test-suite>
                  <test-case name="Kistl.IntegrationTests.GetListTests.GetList" executed="True" success="False" time="0.000" asserts="0">
                    <failure>
                      <message><![CDATA[TestFixtureSetUp failed in SetUp]]></message>
                      <stack-trace />
                    </failure>
                  </test-case>
                  <test-case name="Kistl.IntegrationTests.GetListTests.GetList_GetObject" executed="True" success="False" time="0.000" asserts="0">
                    <failure>
                      <message><![CDATA[TestFixtureSetUp failed in SetUp]]></message>
                      <stack-trace />
                    </failure>
                  </test-case>
                  <test-case name="Kistl.IntegrationTests.GetListTests.GetList_Twice" executed="True" success="False" time="0.000" asserts="0">
                    <failure>
                      <message><![CDATA[TestFixtureSetUp failed in SetUp]]></message>
                      <stack-trace />
                    </failure>
                  </test-case>
                  <test-case name="Kistl.IntegrationTests.GetListTests.GetListWithOrderBy" executed="True" success="False" time="0.000" asserts="0">
                    <failure>
                      <message><![CDATA[TestFixtureSetUp failed in SetUp]]></message>
                      <stack-trace />
                    </failure>
                  </test-case>
                  <test-case name="Kistl.IntegrationTests.GetListTests.GetListWithParameterIllegal" executed="True" success="False" time="0.000" asserts="0">
                    <failure>
                      <message><![CDATA[TestFixtureSetUp failed in SetUp]]></message>
                      <stack-trace />
                    </failure>
                  </test-case>
                  <test-case name="Kistl.IntegrationTests.GetListTests.GetListWithParameterLegal" executed="True" success="False" time="0.000" asserts="0">
                    <failure>
                      <message><![CDATA[TestFixtureSetUp failed in SetUp]]></message>
                      <stack-trace />
                    </failure>
                  </test-case>
                  <test-case name="Kistl.IntegrationTests.GetListTests.GetListWithTop10" executed="True" success="False" time="0.000" asserts="0">
                    <failure>
                      <message><![CDATA[TestFixtureSetUp failed in SetUp]]></message>
                      <stack-trace />
                    </failure>
                  </test-case>
                  <test-case name="Kistl.IntegrationTests.GetListTests.GetObject_GetList" executed="True" success="False" time="0.000" asserts="0">
                    <failure>
                      <message><![CDATA[TestFixtureSetUp failed in SetUp]]></message>
                      <stack-trace />
                    </failure>
                  </test-case>
                  <test-suite name="Kistl.IntegrationTests.GetListTests" success="False" time="0.000" asserts="0">
                    <results />
                  </test-suite>
                  <test-case name="Kistl.IntegrationTests.InheritanceTests.GetListOfInheritedObjects" executed="True" success="False" time="0.000" asserts="0">
                    <failure>
                      <message><![CDATA[TestFixtureSetUp failed in SetUp]]></message>
                      <stack-trace />
                    </failure>
                  </test-case>
                  <test-case name="Kistl.IntegrationTests.InheritanceTests.UpdateInheritedObject" executed="True" success="False" time="0.000" asserts="0">
                    <failure>
                      <message><![CDATA[TestFixtureSetUp failed in SetUp]]></message>
                      <stack-trace />
                    </failure>
                  </test-case>
                  <test-suite name="Kistl.IntegrationTests.InheritanceTests" success="False" time="0.000" asserts="0">
                    <results />
                  </test-suite>
                  <test-case name="Kistl.IntegrationTests.ListPropetiesTests.AddStringListPropertyContent" executed="True" success="False" time="0.000" asserts="0">
                    <failure>
                      <message><![CDATA[TestFixtureSetUp failed in SetUp]]></message>
                      <stack-trace />
                    </failure>
                  </test-case>
                  <test-case name="Kistl.IntegrationTests.ListPropetiesTests.DeleteStringListPropertyContent" executed="True" success="False" time="0.000" asserts="0">
                    <failure>
                      <message><![CDATA[TestFixtureSetUp failed in SetUp]]></message>
                      <stack-trace />
                    </failure>
                  </test-case>
                  <test-case name="Kistl.IntegrationTests.ListPropetiesTests.GetPointerListPropertyContent" executed="True" success="False" time="0.000" asserts="0">
                    <failure>
                      <message><![CDATA[TestFixtureSetUp failed in SetUp]]></message>
                      <stack-trace />
                    </failure>
                  </test-case>
                  <test-case name="Kistl.IntegrationTests.ListPropetiesTests.GetStringListPropertyContent" executed="True" success="False" time="0.000" asserts="0">
                    <failure>
                      <message><![CDATA[TestFixtureSetUp failed in SetUp]]></message>
                      <stack-trace />
                    </failure>
                  </test-case>
                  <test-case name="Kistl.IntegrationTests.ListPropetiesTests.UpdateStringListPropertyContent" executed="True" success="False" time="0.000" asserts="0">
                    <failure>
                      <message><![CDATA[TestFixtureSetUp failed in SetUp]]></message>
                      <stack-trace />
                    </failure>
                  </test-case>
                  <test-suite name="Kistl.IntegrationTests.ListPropetiesTests" success="False" time="0.000" asserts="0">
                    <results />
                  </test-suite>
                  <test-case name="Kistl.IntegrationTests.ObjectTests.GetListOf" executed="True" success="False" time="0.000" asserts="0">
                    <failure>
                      <message><![CDATA[TestFixtureSetUp failed in SetUp]]></message>
                      <stack-trace />
                    </failure>
                  </test-case>
                  <test-case name="Kistl.IntegrationTests.ObjectTests.GetListOf_List" executed="True" success="False" time="0.000" asserts="0">
                    <failure>
                      <message><![CDATA[TestFixtureSetUp failed in SetUp]]></message>
                      <stack-trace />
                    </failure>
                  </test-case>
                  <test-case name="Kistl.IntegrationTests.ObjectTests.GetObject" executed="True" success="False" time="0.000" asserts="0">
                    <failure>
                      <message><![CDATA[TestFixtureSetUp failed in SetUp]]></message>
                      <stack-trace />
                    </failure>
                  </test-case>
                  <test-case name="Kistl.IntegrationTests.ObjectTests.GetObject_Twice" executed="True" success="False" time="0.000" asserts="0">
                    <failure>
                      <message><![CDATA[TestFixtureSetUp failed in SetUp]]></message>
                      <stack-trace />
                    </failure>
                  </test-case>
                  <test-case name="Kistl.IntegrationTests.ObjectTests.NewObject" executed="True" success="False" time="0.000" asserts="0">
                    <failure>
                      <message><![CDATA[TestFixtureSetUp failed in SetUp]]></message>
                      <stack-trace />
                    </failure>
                  </test-case>
                  <test-case name="Kistl.IntegrationTests.ObjectTests.SetObject" executed="True" success="False" time="0.000" asserts="0">
                    <failure>
                      <message><![CDATA[TestFixtureSetUp failed in SetUp]]></message>
                      <stack-trace />
                    </failure>
                  </test-case>
                  <test-suite name="Kistl.IntegrationTests.ObjectTests" success="False" time="0.000" asserts="0">
                    <results />
                  </test-suite>
                </results>
              </test-suite>
            </results>
          </test-suite>
        </results>
      </test-suite>
      <test-suite name="E:\Projekte\Kistl\Tests\CompleteTests\bin\Debug\NMock2.AcceptanceTests.dll" success="True" time="0.156" asserts="0">
        <results>
          <test-suite name="NMock2" success="True" time="0.140" asserts="0">
            <results>
              <test-suite name="AcceptanceTests" success="True" time="0.140" asserts="0">
                <results>
                  <test-suite name="ArgumentMatchingAcceptanceTest" success="True" time="0.016" asserts="0">
                    <results>
                      <test-case name="NMock2.AcceptanceTests.ArgumentMatchingAcceptanceTest.CanMixMatcherAndNonMatcherExpectedArguments" executed="True" success="True" time="0.016" asserts="0" />
                    </results>
                  </test-suite>
                  <test-suite name="ErrorCheckingAcceptanceTest" success="True" time="0.000" asserts="0">
                    <results>
                      <test-case name="NMock2.AcceptanceTests.ErrorCheckingAcceptanceTest.CannotExpectAddToNonexistentEvent" executed="True" success="True" time="0.000" asserts="0" />
                      <test-case name="NMock2.AcceptanceTests.ErrorCheckingAcceptanceTest.CannotExpectAMethodOnAnRealObject" executed="True" success="True" time="0.000" asserts="0" />
                      <test-case name="NMock2.AcceptanceTests.ErrorCheckingAcceptanceTest.CannotExpectAMethodThatDoesNotExistInTheMockedType" executed="True" success="True" time="0.000" asserts="0" />
                      <test-case name="NMock2.AcceptanceTests.ErrorCheckingAcceptanceTest.CannotExpectAMethodWithAnInvalidName" executed="True" success="True" time="0.000" asserts="0" />
                      <test-case name="NMock2.AcceptanceTests.ErrorCheckingAcceptanceTest.CannotExpectGetOfAnInvalidProperty" executed="True" success="True" time="0.000" asserts="0" />
                      <test-case name="NMock2.AcceptanceTests.ErrorCheckingAcceptanceTest.CannotExpectGetOfIndexerIfNoIndexerInMockedType" executed="True" success="True" time="0.000" asserts="0" />
                      <test-case name="NMock2.AcceptanceTests.ErrorCheckingAcceptanceTest.CannotExpectRemoveFromNonexistentEvent" executed="True" success="True" time="0.000" asserts="0" />
                      <test-case name="NMock2.AcceptanceTests.ErrorCheckingAcceptanceTest.CannotExpectSetOfAnInvalidProperty" executed="True" success="True" time="0.000" asserts="0" />
                      <test-case name="NMock2.AcceptanceTests.ErrorCheckingAcceptanceTest.CannotExpectSetOfIndexerIfNoIndexerInMockedType" executed="True" success="True" time="0.000" asserts="0" />
                    </results>
                  </test-suite>
                  <test-suite name="ErrorMessageDemo" success="True" time="0.000" asserts="0">
                    <results>
                      <test-case name="NMock2.AcceptanceTests.ErrorMessageDemo.EventAdd" executed="True" success="True" time="0.000" asserts="0" />
                      <test-case name="NMock2.AcceptanceTests.ErrorMessageDemo.IndexerSet" executed="True" success="True" time="0.000" asserts="0" />
                      <test-case name="NMock2.AcceptanceTests.ErrorMessageDemo.UnexpectedInvocation" executed="True" success="True" time="0.000" asserts="0" />
                      <test-case name="NMock2.AcceptanceTests.ErrorMessageDemo.VerifyFailure" executed="True" success="True" time="0.000" asserts="0" />
                    </results>
                  </test-suite>
                  <test-suite name="EventsAcceptanceTest" success="True" time="0.016" asserts="0">
                    <results>
                      <test-case name="NMock2.AcceptanceTests.EventsAcceptanceTest.CanExpectEventAdd" executed="True" success="True" time="0.016" asserts="0" />
                      <test-case name="NMock2.AcceptanceTests.EventsAcceptanceTest.CanExpectEventRemove" executed="True" success="True" time="0.000" asserts="0" />
                      <test-case name="NMock2.AcceptanceTests.EventsAcceptanceTest.DelegatesCanBeComparedToEquality" executed="True" success="True" time="0.000" asserts="1" />
                      <test-case name="NMock2.AcceptanceTests.EventsAcceptanceTest.EventHandlersCanBeRemovedDuringEventHandling" executed="True" success="True" time="0.000" asserts="0" />
                      <test-case name="NMock2.AcceptanceTests.EventsAcceptanceTest.EventHandlingByMocksRespectsAdditionAndRemovalOfListeners" executed="True" success="True" time="0.000" asserts="3" />
                      <test-case name="NMock2.AcceptanceTests.EventsAcceptanceTest.EventsCanBeRaisedDuringTests" executed="True" success="True" time="0.000" asserts="1" />
                    </results>
                  </test-suite>
                  <test-suite name="Example" success="True" time="0.000" asserts="0">
                    <results>
                      <test-case name="NMock2.AcceptanceTests.Example.KnockKnockJoke" executed="True" success="True" time="0.000" asserts="0" />
                    </results>
                  </test-suite>
                  <test-suite name="ExpectationsAcceptanceTest" success="True" time="0.016" asserts="0">
                    <results>
                      <test-case name="NMock2.AcceptanceTests.ExpectationsAcceptanceTest.ExpectationsCanOverrideStubs" executed="True" success="True" time="0.000" asserts="2" />
                      <test-case name="NMock2.AcceptanceTests.ExpectationsAcceptanceTest.FailsTestIfMethodExpectedAtLeastNTimesButCalledLessThanNTimes" executed="True" success="True" time="0.000" asserts="0" />
                      <test-case name="NMock2.AcceptanceTests.ExpectationsAcceptanceTest.FailsTestIfMethodExpectedAtMostNTimesAndCalledMoreThanNTimes" executed="True" success="True" time="0.000" asserts="0" />
                      <test-case name="NMock2.AcceptanceTests.ExpectationsAcceptanceTest.FailsTestIfMethodExpectedBetweenNAndMTimesAndCalledMoreThanMTimes" executed="True" success="True" time="0.000" asserts="0" />
                      <test-case name="NMock2.AcceptanceTests.ExpectationsAcceptanceTest.FailsTestIfMethodExpectedBetweenNAndMTimesButCalledLessThanNTimes" executed="True" success="True" time="0.000" asserts="0" />
                      <test-case name="NMock2.AcceptanceTests.ExpectationsAcceptanceTest.FailsTestIfMethodExpectedOnceButCalledTwice" executed="True" success="True" time="0.000" asserts="0" />
                      <test-case name="NMock2.AcceptanceTests.ExpectationsAcceptanceTest.FailsTestIfMethodExpectedOnceButNotCalled" executed="True" success="True" time="0.000" asserts="0" />
                      <test-case name="NMock2.AcceptanceTests.ExpectationsAcceptanceTest.FailsTestIfMethodNeverExpectedIsActuallyCalled" executed="True" success="True" time="0.000" asserts="0" />
                      <test-case name="NMock2.AcceptanceTests.ExpectationsAcceptanceTest.FailsTestIfMethodNeverExpectedIsCalled" executed="True" success="True" time="0.000" asserts="0" />
                      <test-case name="NMock2.AcceptanceTests.ExpectationsAcceptanceTest.PassesTestIfMethodExpectedAtLeastNTimesAndCalledMoreThanNTimes" executed="True" success="True" time="0.000" asserts="0" />
                      <test-case name="NMock2.AcceptanceTests.ExpectationsAcceptanceTest.PassesTestIfMethodExpectedAtLeastNTimesAndCalledNTimes" executed="True" success="True" time="0.000" asserts="0" />
                      <test-case name="NMock2.AcceptanceTests.ExpectationsAcceptanceTest.PassesTestIfMethodExpectedAtMostNTimesAndCalledLessThanNTimes" executed="True" success="True" time="0.000" asserts="0" />
                      <test-case name="NMock2.AcceptanceTests.ExpectationsAcceptanceTest.PassesTestIfMethodExpectedAtMostNTimesAndCalledNTimes" executed="True" success="True" time="0.000" asserts="0" />
                      <test-case name="NMock2.AcceptanceTests.ExpectationsAcceptanceTest.PassesTestIfMethodExpectedBetweenNAndMTimesAndCalledBetweenNAndMTimes" executed="True" success="True" time="0.000" asserts="0" />
                      <test-case name="NMock2.AcceptanceTests.ExpectationsAcceptanceTest.PassesTestIfMethodExpectedOnceAndCalled" executed="True" success="True" time="0.000" asserts="0" />
                      <test-case name="NMock2.AcceptanceTests.ExpectationsAcceptanceTest.PassesTestIfMethodNeverExpectedIsNeverCalled" executed="True" success="True" time="0.000" asserts="0" />
                      <test-case name="NMock2.AcceptanceTests.ExpectationsAcceptanceTest.TestShouldFailIfExpectedExactlyNTimesAndCalledLessThanNTimes" executed="True" success="True" time="0.000" asserts="0" />
                      <test-case name="NMock2.AcceptanceTests.ExpectationsAcceptanceTest.TestShouldFailIfExpectedExactlyNTimesAndCalledMoreThanNTimes" executed="True" success="True" time="0.000" asserts="0" />
                      <test-case name="NMock2.AcceptanceTests.ExpectationsAcceptanceTest.TestShouldPassIfExpectedExactlyNTimesAndCalledNTimes" executed="True" success="True" time="0.000" asserts="0" />
                    </results>
                  </test-suite>
                  <test-suite name="IndexersAcceptanceTest" success="True" time="0.000" asserts="0">
                    <results>
                      <test-case name="NMock2.AcceptanceTests.IndexersAcceptanceTest.CanExpectIndexedGetter" executed="True" success="True" time="0.000" asserts="2" />
                      <test-case name="NMock2.AcceptanceTests.IndexersAcceptanceTest.CanExpectIndexedSetter" executed="True" success="True" time="0.000" asserts="0" />
                      <test-case name="NMock2.AcceptanceTests.IndexersAcceptanceTest.ErrorMessagesContainNameOfIndexedGetterNotHiddenMethod" executed="True" success="True" time="0.000" asserts="3" />
                      <test-case name="NMock2.AcceptanceTests.IndexersAcceptanceTest.ErrorMessagesContainNameOfPropertySetterNotHiddenMethod" executed="True" success="True" time="0.000" asserts="3" />
                    </results>
                  </test-suite>
                  <test-suite name="MockeryAcceptanceTest" success="True" time="0.031" asserts="0">
                    <results>
                      <test-case name="NMock2.AcceptanceTests.MockeryAcceptanceTest.CallingVerifyOnMockeryShouldEnableMockeryToBeUsedSuccessfullyForOtherTests" executed="True" success="True" time="0.000" asserts="1" />
                      <test-case name="NMock2.AcceptanceTests.MockeryAcceptanceTest.MockEmptyInterface" executed="True" success="True" time="0.000" asserts="1" />
                      <test-case name="NMock2.AcceptanceTests.MockeryAcceptanceTest.MockGenericInterfaceWithArgs1" executed="True" success="True" time="0.000" asserts="1" />
                      <test-case name="NMock2.AcceptanceTests.MockeryAcceptanceTest.MockGenericInterfaceWithArgs2" executed="True" success="True" time="0.000" asserts="1" />
                      <test-case name="NMock2.AcceptanceTests.MockeryAcceptanceTest.MockGenericInterfaceWithArgs3" executed="True" success="True" time="0.000" asserts="1" />
                      <test-case name="NMock2.AcceptanceTests.MockeryAcceptanceTest.MockGenericInterfaceWithArgs4" executed="True" success="True" time="0.000" asserts="1" />
                      <test-case name="NMock2.AcceptanceTests.MockeryAcceptanceTest.MockGenericInterfaceWithArgs5" executed="True" success="True" time="0.000" asserts="1" />
                      <test-case name="NMock2.AcceptanceTests.MockeryAcceptanceTest.MockGenericInterfaceWithArgs6" executed="True" success="True" time="0.000" asserts="1" />
                      <test-case name="NMock2.AcceptanceTests.MockeryAcceptanceTest.MockMixedInterface" executed="True" success="True" time="0.000" asserts="2" />
                      <test-case name="NMock2.AcceptanceTests.MockeryAcceptanceTest.MockObjectsMayBePlacedIntoServiceContainers" executed="True" success="True" time="0.000" asserts="1" />
                      <test-case name="NMock2.AcceptanceTests.MockeryAcceptanceTest.MockSimpleGenericInterface" executed="True" success="True" time="0.000" asserts="2" />
                      <test-case name="NMock2.AcceptanceTests.MockeryAcceptanceTest.MockSimpleGenericInterfaceWithArgs" executed="True" success="True" time="0.000" asserts="2" />
                      <test-case name="NMock2.AcceptanceTests.MockeryAcceptanceTest.MockSimpleInterface" executed="True" success="True" time="0.016" asserts="1" />
                      <test-case name="NMock2.AcceptanceTests.MockeryAcceptanceTest.MockSimpleInterfaceWithArgs" executed="True" success="True" time="0.000" asserts="1" />
                    </results>
                  </test-suite>
                  <test-suite name="OrderedCallsAcceptanceTest" success="True" time="0.016" asserts="0">
                    <results>
                      <test-case name="NMock2.AcceptanceTests.OrderedCallsAcceptanceTest.AllowsCallsIfCalledInSameOrderAsExpectedWithinAnInOrderBlock" executed="True" success="True" time="0.000" asserts="0" />
                      <test-case name="NMock2.AcceptanceTests.OrderedCallsAcceptanceTest.CallsInOrderedBlocksThatAreNotMatchedFailVerification" executed="True" success="True" time="0.000" asserts="0" />
                      <test-case name="NMock2.AcceptanceTests.OrderedCallsAcceptanceTest.CallsWithinAnInOrderedBlockCanBeExpectedMoreThanOnce" executed="True" success="True" time="0.000" asserts="0" />
                      <test-case name="NMock2.AcceptanceTests.OrderedCallsAcceptanceTest.CanExpectUnorderedCallsWithinAnOrderedSequence" executed="True" success="True" time="0.000" asserts="0" />
                      <test-case name="NMock2.AcceptanceTests.OrderedCallsAcceptanceTest.DoesNotEnforceTheOrderOfCallsByDefault" executed="True" success="True" time="0.000" asserts="0" />
                      <test-case name="NMock2.AcceptanceTests.OrderedCallsAcceptanceTest.EnforcesTheOrderOfCallsWithinAnInOrderBlock" executed="True" success="True" time="0.000" asserts="0" />
                      <test-case name="NMock2.AcceptanceTests.OrderedCallsAcceptanceTest.UnorderedCallsWithinAnInOrderedBlockCannotBeCalledAfterTheEndOfTheUnorderedExpectations" executed="True" success="True" time="0.000" asserts="0" />
                      <test-case name="NMock2.AcceptanceTests.OrderedCallsAcceptanceTest.UnorderedCallsWithinAnInOrderedBlockCannotBeCalledBeforeTheStartOfTheUnorderedExpectations" executed="True" success="True" time="0.000" asserts="0" />
                      <test-case name="NMock2.AcceptanceTests.OrderedCallsAcceptanceTest.UnorderedExpectationsMatchInOrderOfSpecification" executed="True" success="True" time="0.016" asserts="2" />
                    </results>
                  </test-suite>
                  <test-suite name="PropertiesAcceptanceTest" success="True" time="0.000" asserts="0">
                    <results>
                      <test-case name="NMock2.AcceptanceTests.PropertiesAcceptanceTest.CanExpectPropertyGetter" executed="True" success="True" time="0.000" asserts="0" />
                      <test-case name="NMock2.AcceptanceTests.PropertiesAcceptanceTest.CanExpectPropertySetter" executed="True" success="True" time="0.000" asserts="0" />
                      <test-case name="NMock2.AcceptanceTests.PropertiesAcceptanceTest.ErrorMessagesContainNameOfPropertyGetterNotHiddenMethod" executed="True" success="True" time="0.000" asserts="4" />
                      <test-case name="NMock2.AcceptanceTests.PropertiesAcceptanceTest.ErrorMessagesContainNameOfPropertySetterNotHiddenMethod" executed="True" success="True" time="0.000" asserts="4" />
                    </results>
                  </test-suite>
                  <test-suite name="StubAcceptanceTest" success="True" time="0.000" asserts="0">
                    <results>
                      <test-case name="NMock2.AcceptanceTests.StubAcceptanceTest.StubsCanBeCalledAnyNumberOfTimes" executed="True" success="True" time="0.000" asserts="0" />
                      <test-case name="NMock2.AcceptanceTests.StubAcceptanceTest.StubsDoNotHaveToBeCalled" executed="True" success="True" time="0.000" asserts="0" />
                      <test-case name="NMock2.AcceptanceTests.StubAcceptanceTest.StubsMatchArgumentsAndPerformActionsJustLikeAnExpectation" executed="True" success="True" time="0.000" asserts="0" />
                    </results>
                  </test-suite>
                  <test-suite name="UsingBlockAcceptanceTest" success="True" time="0.000" asserts="0">
                    <results>
                      <test-case name="NMock2.AcceptanceTests.UsingBlockAcceptanceTest.AssertsExpectationsAreMetAtEndOfUsingBlock" executed="True" success="True" time="0.000" asserts="0" />
                    </results>
                  </test-suite>
                </results>
              </test-suite>
            </results>
          </test-suite>
        </results>
      </test-suite>
      <test-suite name="E:\Projekte\Kistl\Tests\CompleteTests\bin\Debug\NMock2.Test.dll" success="True" time="0.218" asserts="0">
        <results>
          <test-suite name="NMock2" success="True" time="0.203" asserts="0">
            <results>
              <test-suite name="Internal" success="True" time="0.016" asserts="0">
                <results>
                  <test-suite name="Test" success="True" time="0.016" asserts="0">
                    <results>
                      <test-suite name="BuildableExpectationTest" success="True" time="0.016" asserts="0">
                        <results>
                          <test-case name="NMock2.Internal.Test.BuildableExpectationTest.ChecksCallCountToAssertThatItHasBeenMet" executed="True" success="True" time="0.000" asserts="5" />
                          <test-case name="NMock2.Internal.Test.BuildableExpectationTest.DoesNotMatchIfAnyMatcherDoesNotMatch" executed="True" success="True" time="0.000" asserts="63" />
                          <test-case name="NMock2.Internal.Test.BuildableExpectationTest.HasReadableDescription" executed="True" success="True" time="0.000" asserts="1" />
                          <test-case name="NMock2.Internal.Test.BuildableExpectationTest.InvokesAListOfActionsToPerformAnInvocation" executed="True" success="True" time="0.000" asserts="2" />
                          <test-case name="NMock2.Internal.Test.BuildableExpectationTest.MatchesCallCountWhenMatchingInvocation" executed="True" success="True" time="0.000" asserts="10" />
                          <test-case name="NMock2.Internal.Test.BuildableExpectationTest.MatchesIfAllMatchersMatch" executed="True" success="True" time="0.000" asserts="1" />
                          <test-case name="NMock2.Internal.Test.BuildableExpectationTest.WillNotPrintAPeriodBetweenReceiverAndMethodIfToldToDescribeItselfAsAnIndexer" executed="True" success="True" time="0.000" asserts="1" />
                        </results>
                      </test-suite>
                      <test-suite name="DescriptionWriterTest" success="True" time="0.000" asserts="0">
                        <results>
                          <test-case name="NMock2.Internal.Test.DescriptionWriterTest.FormatsNullAsNull" executed="True" success="True" time="0.000" asserts="1" />
                          <test-case name="NMock2.Internal.Test.DescriptionWriterTest.FormatsStringsInCSharpSyntaxWhenWrittenAsObject" executed="True" success="True" time="0.000" asserts="1" />
                          <test-case name="NMock2.Internal.Test.DescriptionWriterTest.HighlightsOtherValuesWhenWrittenAsObject" executed="True" success="True" time="0.000" asserts="1" />
                        </results>
                      </test-suite>
                    </results>
                  </test-suite>
                </results>
              </test-suite>
              <test-suite name="Test" success="True" time="0.187" asserts="0">
                <results>
                  <test-suite name="Actions" success="True" time="0.031" asserts="0">
                    <results>
                      <test-suite name="CollectActionTest" success="True" time="0.000" asserts="0">
                        <results>
                          <test-case name="NMock2.Test.Actions.CollectActionTest.CollectsParameterValueAtSpecifiedIndex" executed="True" success="True" time="0.000" asserts="1" />
                          <test-case name="NMock2.Test.Actions.CollectActionTest.HasAReadableDescription" executed="True" success="True" time="0.000" asserts="1" />
                          <test-case name="NMock2.Test.Actions.CollectActionTest.ReturnsParameterValueFromMostRecentOfMultipleCalls" executed="True" success="True" time="0.000" asserts="1" />
                        </results>
                      </test-suite>
                      <test-suite name="FireActionTest" success="True" time="0.016" asserts="0">
                        <results>
                          <test-case name="NMock2.Test.Actions.FireActionTest.FiresEventOnInvocationReceiver" executed="True" success="True" time="0.016" asserts="1" />
                          <test-case name="NMock2.Test.Actions.FireActionTest.HasAReadableDescription" executed="True" success="True" time="0.000" asserts="1" />
                        </results>
                      </test-suite>
                      <test-suite name="ResultSynthesizerTest" success="True" time="0.000" asserts="0">
                        <results>
                          <test-case name="NMock2.Test.Actions.ResultSynthesizerTest.CanOverrideDefaultResultForType" executed="True" success="True" time="0.000" asserts="0" />
                          <test-case name="NMock2.Test.Actions.ResultSynthesizerTest.CanSpecifyResultForOtherType" executed="True" success="True" time="0.000" asserts="0" />
                          <test-case name="NMock2.Test.Actions.ResultSynthesizerTest.CreatesDefaultValuesForBasicTypes" executed="True" success="True" time="0.000" asserts="0" />
                          <test-case name="NMock2.Test.Actions.ResultSynthesizerTest.DoesNotTryToSetResultForVoidReturnType" executed="True" success="True" time="0.000" asserts="0" />
                          <test-case name="NMock2.Test.Actions.ResultSynthesizerTest.HasAReadableDescription" executed="True" success="True" time="0.000" asserts="1" />
                          <test-case name="NMock2.Test.Actions.ResultSynthesizerTest.ReturnsADifferentCollectionOnEachInvocation" executed="True" success="True" time="0.000" asserts="0" />
                          <test-case name="NMock2.Test.Actions.ResultSynthesizerTest.ReturnsDefaultValueOfValueTypes" executed="True" success="True" time="0.000" asserts="0" />
                          <test-case name="NMock2.Test.Actions.ResultSynthesizerTest.ReturnsEmptyCollections" executed="True" success="True" time="0.000" asserts="0" />
                          <test-case name="NMock2.Test.Actions.ResultSynthesizerTest.ReturnsZeroLengthArrays" executed="True" success="True" time="0.000" asserts="0" />
                          <test-case name="NMock2.Test.Actions.ResultSynthesizerTest.ThrowsExceptionIfTriesToReturnValueForUnsupportedResultType" executed="True" success="True" time="0.000" asserts="0" />
                        </results>
                      </test-suite>
                      <test-suite name="ReturnActionTest" success="True" time="0.016" asserts="0">
                        <results>
                          <test-case name="NMock2.Test.Actions.ReturnActionTest.HasAReadableDescription" executed="True" success="True" time="0.000" asserts="1" />
                          <test-case name="NMock2.Test.Actions.ReturnActionTest.SetsReturnValueOfInvocation" executed="True" success="True" time="0.016" asserts="1" />
                        </results>
                      </test-suite>
                      <test-suite name="ReturnCloneActionTest" success="True" time="0.000" asserts="0">
                        <results>
                          <test-case name="NMock2.Test.Actions.ReturnCloneActionTest.HasAReadableDescription" executed="True" success="True" time="0.000" asserts="1" />
                          <test-case name="NMock2.Test.Actions.ReturnCloneActionTest.ReturnsCloneOfPrototypeObject" executed="True" success="True" time="0.000" asserts="0" />
                        </results>
                      </test-suite>
                      <test-suite name="SetIndexedParameterActionTest" success="True" time="0.000" asserts="0">
                        <results>
                          <test-case name="NMock2.Test.Actions.SetIndexedParameterActionTest.HasReadableDescription" executed="True" success="True" time="0.000" asserts="1" />
                          <test-case name="NMock2.Test.Actions.SetIndexedParameterActionTest.SetsIndexedParameterOnInvocation" executed="True" success="True" time="0.000" asserts="1" />
                        </results>
                      </test-suite>
                      <test-suite name="SetNamedParameterActionTest" success="True" time="0.000" asserts="0">
                        <results>
                          <test-case name="NMock2.Test.Actions.SetNamedParameterActionTest.HasReadableDescription" executed="True" success="True" time="0.000" asserts="1" />
                          <test-case name="NMock2.Test.Actions.SetNamedParameterActionTest.SetsNamedParameterOnInvocation" executed="True" success="True" time="0.000" asserts="1" />
                        </results>
                      </test-suite>
                      <test-suite name="ThrowActionTest" success="True" time="0.000" asserts="0">
                        <results>
                          <test-case name="NMock2.Test.Actions.ThrowActionTest.HasReadableDescription" executed="True" success="True" time="0.000" asserts="1" />
                          <test-case name="NMock2.Test.Actions.ThrowActionTest.SetsExceptionOfInvocation" executed="True" success="True" time="0.000" asserts="1" />
                        </results>
                      </test-suite>
                    </results>
                  </test-suite>
                  <test-suite name="Matchers" success="True" time="0.078" asserts="0">
                    <results>
                      <test-suite name="AlwaysMatcherTest" success="True" time="0.000" asserts="0">
                        <results>
                          <test-case name="NMock2.Test.Matchers.AlwaysMatcherTest.AlwaysReturnsFixedBooleanValueFromMatchesMethod" executed="True" success="True" time="0.000" asserts="12" />
                          <test-case name="NMock2.Test.Matchers.AlwaysMatcherTest.IsGivenADescription" executed="True" success="True" time="0.000" asserts="1" />
                        </results>
                      </test-suite>
                      <test-suite name="AndMatcherTest" success="True" time="0.000" asserts="0">
                        <results>
                          <test-case name="NMock2.Test.Matchers.AndMatcherTest.CalculatesLogicalConjunctionOfTwoMatchers" executed="True" success="True" time="0.000" asserts="4" />
                          <test-case name="NMock2.Test.Matchers.AndMatcherTest.CanUseOperatorOverloadingAsSyntacticSugar" executed="True" success="True" time="0.000" asserts="4" />
                          <test-case name="NMock2.Test.Matchers.AndMatcherTest.HasAReadableDescription" executed="True" success="True" time="0.000" asserts="1" />
                        </results>
                      </test-suite>
                      <test-suite name="ArgumentsMatcherTest" success="True" time="0.000" asserts="0">
                        <results>
                          <test-case name="NMock2.Test.Matchers.ArgumentsMatcherTest.DescribesAsIndexGetterArguments" executed="True" success="True" time="0.000" asserts="1" />
                          <test-case name="NMock2.Test.Matchers.ArgumentsMatcherTest.DescribesAsIndexSetterArguments" executed="True" success="True" time="0.000" asserts="1" />
                          <test-case name="NMock2.Test.Matchers.ArgumentsMatcherTest.DoesNotMatchAndDoesNotThrowExceptionIfValueSpecifiedForOutputParameter" executed="True" success="True" time="0.000" asserts="1" />
                          <test-case name="NMock2.Test.Matchers.ArgumentsMatcherTest.DoesNotMatchAnObjectThatIsNotAnInvocation" executed="True" success="True" time="0.000" asserts="1" />
                          <test-case name="NMock2.Test.Matchers.ArgumentsMatcherTest.DoesNotMatchIfValueMatchersDoNotMatchArgumentValues" executed="True" success="True" time="0.000" asserts="2" />
                          <test-case name="NMock2.Test.Matchers.ArgumentsMatcherTest.DoesNotMatchInvocationWithDifferentNumberOfArguments" executed="True" success="True" time="0.000" asserts="2" />
                          <test-case name="NMock2.Test.Matchers.ArgumentsMatcherTest.FormatsDescriptionToLookSimilarToAnArgumentList" executed="True" success="True" time="0.000" asserts="1" />
                          <test-case name="NMock2.Test.Matchers.ArgumentsMatcherTest.MatchesInvocationWithSameNumberOfArgumentsAsMatcherHasValueMatchersAndValueMatchersMatch" executed="True" success="True" time="0.000" asserts="1" />
                          <test-case name="NMock2.Test.Matchers.ArgumentsMatcherTest.MatchesOutputParametersWithSpecialMatcherClass" executed="True" success="True" time="0.000" asserts="1" />
                          <test-case name="NMock2.Test.Matchers.ArgumentsMatcherTest.ShowsOutputParametersInDescription" executed="True" success="True" time="0.000" asserts="1" />
                        </results>
                      </test-suite>
                      <test-suite name="ComparisonMatcherTest" success="True" time="0.016" asserts="0">
                        <results>
                          <test-case name="NMock2.Test.Matchers.ComparisonMatcherTest.CannotCreateComparisonThatMatchesAnything" executed="True" success="True" time="0.000" asserts="0" />
                          <test-case name="NMock2.Test.Matchers.ComparisonMatcherTest.CanSpecifyMinAndMaxComparisonResultInAnyOrder" executed="True" success="True" time="0.016" asserts="3" />
                          <test-case name="NMock2.Test.Matchers.ComparisonMatcherTest.DoesNotMatchObjectOfDifferentType" executed="True" success="True" time="0.000" asserts="1" />
                          <test-case name="NMock2.Test.Matchers.ComparisonMatcherTest.HasReadableDescription" executed="True" success="True" time="0.000" asserts="5" />
                          <test-case name="NMock2.Test.Matchers.ComparisonMatcherTest.MatchesAComparisonOfAComparableValue" executed="True" success="True" time="0.000" asserts="9" />
                        </results>
                      </test-suite>
                      <test-suite name="DescriptionOverrideTest" success="True" time="0.000" asserts="0">
                        <results>
                          <test-case name="NMock2.Test.Matchers.DescriptionOverrideTest.DelegatesMatchingToAnotherMatcher" executed="True" success="True" time="0.000" asserts="2" />
                          <test-case name="NMock2.Test.Matchers.DescriptionOverrideTest.OverridesDescriptionOfOtherMatcherWithThatPassedToConstructor" executed="True" success="True" time="0.000" asserts="2" />
                        </results>
                      </test-suite>
                      <test-suite name="ElementMatcherTest" success="True" time="0.000" asserts="0">
                        <results>
                          <test-case name="NMock2.Test.Matchers.ElementMatcherTest.HasAReadableDescription" executed="True" success="True" time="0.000" asserts="2" />
                          <test-case name="NMock2.Test.Matchers.ElementMatcherTest.IsNullSafe" executed="True" success="True" time="0.000" asserts="5" />
                          <test-case name="NMock2.Test.Matchers.ElementMatcherTest.MatchesIfArgumentInCollection" executed="True" success="True" time="0.000" asserts="5" />
                        </results>
                      </test-suite>
                      <test-suite name="EqualMatcherTest" success="True" time="0.016" asserts="0">
                        <results>
                          <test-case name="NMock2.Test.Matchers.EqualMatcherTest.CanCompareAutoboxedValues" executed="True" success="True" time="0.000" asserts="2" />
                          <test-case name="NMock2.Test.Matchers.EqualMatcherTest.ComparesArgumentForEqualityToExpectedObject" executed="True" success="True" time="0.000" asserts="3" />
                          <test-case name="NMock2.Test.Matchers.EqualMatcherTest.ComparesArraysForEqualityByContents" executed="True" success="True" time="0.000" asserts="7" />
                          <test-case name="NMock2.Test.Matchers.EqualMatcherTest.ComparesMultidimensionalArraysForEquality" executed="True" success="True" time="0.000" asserts="5" />
                          <test-case name="NMock2.Test.Matchers.EqualMatcherTest.HasAReadableDescription" executed="True" success="True" time="0.000" asserts="1" />
                          <test-case name="NMock2.Test.Matchers.EqualMatcherTest.IsNullSafe" executed="True" success="True" time="0.000" asserts="3" />
                          <test-case name="NMock2.Test.Matchers.EqualMatcherTest.RecursivelyComparesArrayContentsOfNestedArrays" executed="True" success="True" time="0.000" asserts="3" />
                          <test-case name="NMock2.Test.Matchers.EqualMatcherTest.RecursivelyComparesContentsOfNestedLists" executed="True" success="True" time="0.016" asserts="3" />
                        </results>
                      </test-suite>
                      <test-suite name="FieldMatcherTest" success="True" time="0.000" asserts="0">
                        <results>
                          <test-case name="NMock2.Test.Matchers.FieldMatcherTest.DoesNotMatchNonPublicField" executed="True" success="True" time="0.000" asserts="2" />
                          <test-case name="NMock2.Test.Matchers.FieldMatcherTest.DoesNotMatchObjectIfItDoesNotHaveNamedField" executed="True" success="True" time="0.000" asserts="1" />
                          <test-case name="NMock2.Test.Matchers.FieldMatcherTest.DoesNotMatchObjectIfValueMatcherDoesNotMatch" executed="True" success="True" time="0.000" asserts="1" />
                          <test-case name="NMock2.Test.Matchers.FieldMatcherTest.DoesNotMatchStaticField" executed="True" success="True" time="0.000" asserts="1" />
                          <test-case name="NMock2.Test.Matchers.FieldMatcherTest.HasAReadableDescription" executed="True" success="True" time="0.000" asserts="1" />
                          <test-case name="NMock2.Test.Matchers.FieldMatcherTest.MatchesObjectWithMatchingField" executed="True" success="True" time="0.000" asserts="1" />
                        </results>
                      </test-suite>
                      <test-suite name="MethodNameMatcherTest" success="True" time="0.000" asserts="0">
                        <results>
                          <test-case name="NMock2.Test.Matchers.MethodNameMatcherTest.DoesNotMatchObjectsThatAreNotMethodInfo" executed="True" success="True" time="0.000" asserts="1" />
                          <test-case name="NMock2.Test.Matchers.MethodNameMatcherTest.MatchesMethodsWithAGivenName" executed="True" success="True" time="0.000" asserts="4" />
                          <test-case name="NMock2.Test.Matchers.MethodNameMatcherTest.UsesMethodNameAsDescription" executed="True" success="True" time="0.000" asserts="1" />
                        </results>
                      </test-suite>
                      <test-suite name="NotMatcherTest" success="True" time="0.000" asserts="0">
                        <results>
                          <test-case name="NMock2.Test.Matchers.NotMatcherTest.CalculatesTheLogicalNegationOfAMatcher" executed="True" success="True" time="0.000" asserts="2" />
                          <test-case name="NMock2.Test.Matchers.NotMatcherTest.CanUseOperatorOverloadingAsSyntacticSugar" executed="True" success="True" time="0.000" asserts="2" />
                          <test-case name="NMock2.Test.Matchers.NotMatcherTest.HasAReadableDescription" executed="True" success="True" time="0.000" asserts="1" />
                        </results>
                      </test-suite>
                      <test-suite name="NullMatcherTest" success="True" time="0.000" asserts="0">
                        <results>
                          <test-case name="NMock2.Test.Matchers.NullMatcherTest.MatchesNullReferences" executed="True" success="True" time="0.000" asserts="2" />
                          <test-case name="NMock2.Test.Matchers.NullMatcherTest.ProvidesAReadableDescription" executed="True" success="True" time="0.000" asserts="1" />
                        </results>
                      </test-suite>
                      <test-suite name="OrMatcherTest" success="True" time="0.016" asserts="0">
                        <results>
                          <test-case name="NMock2.Test.Matchers.OrMatcherTest.CalculatesLogicalDisjunctionOfTwoMatchers" executed="True" success="True" time="0.016" asserts="4" />
                          <test-case name="NMock2.Test.Matchers.OrMatcherTest.CanUseOperatorOverloadingAsSyntacticSugar" executed="True" success="True" time="0.000" asserts="4" />
                          <test-case name="NMock2.Test.Matchers.OrMatcherTest.HasAReadableDescription" executed="True" success="True" time="0.000" asserts="1" />
                        </results>
                      </test-suite>
                      <test-suite name="PropertyMatcherTest" success="True" time="0.000" asserts="0">
                        <results>
                          <test-case name="NMock2.Test.Matchers.PropertyMatcherTest.DoesNotMatchObjectIfItDoesNotHaveNamedProperty" executed="True" success="True" time="0.000" asserts="1" />
                          <test-case name="NMock2.Test.Matchers.PropertyMatcherTest.DoesNotMatchObjectIfPropertyMatcherDoesNotMatch" executed="True" success="True" time="0.000" asserts="1" />
                          <test-case name="NMock2.Test.Matchers.PropertyMatcherTest.DoesNotMatchPrivateProperty" executed="True" success="True" time="0.000" asserts="1" />
                          <test-case name="NMock2.Test.Matchers.PropertyMatcherTest.DoesNotMatchWriteOnlyProperty" executed="True" success="True" time="0.000" asserts="1" />
                          <test-case name="NMock2.Test.Matchers.PropertyMatcherTest.HasAReadableDescription" executed="True" success="True" time="0.000" asserts="1" />
                          <test-case name="NMock2.Test.Matchers.PropertyMatcherTest.MatchesObjectWithNamedPropertyAndMatchingPropertyValue" executed="True" success="True" time="0.000" asserts="1" />
                        </results>
                      </test-suite>
                      <test-suite name="SameMatcherTest" success="True" time="0.000" asserts="0">
                        <results>
                          <test-case name="NMock2.Test.Matchers.SameMatcherTest.HasAReadableDescription" executed="True" success="True" time="0.000" asserts="1" />
                          <test-case name="NMock2.Test.Matchers.SameMatcherTest.IsNullSafe" executed="True" success="True" time="0.000" asserts="3" />
                          <test-case name="NMock2.Test.Matchers.SameMatcherTest.MatchesSameObject" executed="True" success="True" time="0.000" asserts="2" />
                        </results>
                      </test-suite>
                      <test-suite name="StringContainsMatcherTest" success="True" time="0.000" asserts="0">
                        <results>
                          <test-case name="NMock2.Test.Matchers.StringContainsMatcherTest.HasAReadableDescription" executed="True" success="True" time="0.000" asserts="1" />
                          <test-case name="NMock2.Test.Matchers.StringContainsMatcherTest.MatchesIfStringArgumentContainsGivenSubstring" executed="True" success="True" time="0.000" asserts="7" />
                        </results>
                      </test-suite>
                      <test-suite name="ToStringMatcherTest" success="True" time="0.000" asserts="0">
                        <results>
                          <test-case name="NMock2.Test.Matchers.ToStringMatcherTest.PassesResultOfToStringToOtherMatcher" executed="True" success="True" time="0.000" asserts="3" />
                          <test-case name="NMock2.Test.Matchers.ToStringMatcherTest.ReturnsAReadableDescription" executed="True" success="True" time="0.000" asserts="1" />
                        </results>
                      </test-suite>
                      <test-suite name="TypeMatcherTest" success="True" time="0.000" asserts="0">
                        <results>
                          <test-case name="NMock2.Test.Matchers.TypeMatcherTest.DoesNotMatchValueOfNonAssignableType" executed="True" success="True" time="0.000" asserts="3" />
                          <test-case name="NMock2.Test.Matchers.TypeMatcherTest.MatchesValueOfAssignableType" executed="True" success="True" time="0.000" asserts="2" />
                        </results>
                      </test-suite>
                    </results>
                  </test-suite>
                  <test-suite name="MockeryTest" success="True" time="0.016" asserts="0">
                    <results>
                      <test-case name="NMock2.Test.MockeryTest.AssertionExceptionThrownWhenNoExpectationsMatchContainsDescriptionOfActiveExpectations" executed="True" success="True" time="0.000" asserts="10" />
                      <test-case name="NMock2.Test.MockeryTest.AssertionExceptionThrownWhenSomeExpectationsHaveNotBeenMetContainsDescriptionOfUnMetExpectations" executed="True" success="True" time="0.000" asserts="1" />
                      <test-case name="NMock2.Test.MockeryTest.CanCreateMockWithoutCastingBySpecifingTypeAsGenericParameter" executed="True" success="True" time="0.016" asserts="0" />
                      <test-case name="NMock2.Test.MockeryTest.CreatedMockComparesReferenceIdentityWithEqualsMethod" executed="True" success="True" time="0.000" asserts="2" />
                      <test-case name="NMock2.Test.MockeryTest.CreatedMockReturnsNameFromToString" executed="True" success="True" time="0.000" asserts="2" />
                      <test-case name="NMock2.Test.MockeryTest.CreatesMocksThatCanBeCastToIMockObject" executed="True" success="True" time="0.000" asserts="1" />
                      <test-case name="NMock2.Test.MockeryTest.CreatesMocksThatCanBeCastToMockedType" executed="True" success="True" time="0.000" asserts="1" />
                      <test-case name="NMock2.Test.MockeryTest.DetectsWhenFirstExpectationHasNotBeenMet" executed="True" success="True" time="0.000" asserts="0" />
                      <test-case name="NMock2.Test.MockeryTest.DetectsWhenSecondExpectationHasNotBeenMet" executed="True" success="True" time="0.000" asserts="0" />
                      <test-case name="NMock2.Test.MockeryTest.DispatchesInvocationBySearchingForMatchingExpectationInOrderOfAddition" executed="True" success="True" time="0.000" asserts="19" />
                      <test-case name="NMock2.Test.MockeryTest.FailsTestIfNoExpectationsMatch" executed="True" success="True" time="0.000" asserts="6" />
                      <test-case name="NMock2.Test.MockeryTest.GenericMockCanSpecifyName" executed="True" success="True" time="0.000" asserts="1" />
                      <test-case name="NMock2.Test.MockeryTest.GivesMocksDefaultNameIfNoNameSpecified" executed="True" success="True" time="0.000" asserts="4" />
                      <test-case name="NMock2.Test.MockeryTest.MockReturnsNameFromToString" executed="True" success="True" time="0.000" asserts="1" />
                      <test-case name="NMock2.Test.MockeryTest.ShouldBeAbleToInvokeMethodOnInheritedInterface" executed="True" success="True" time="0.000" asserts="0" />
                      <test-case name="NMock2.Test.MockeryTest.StopsSearchingForMatchingExpectationAsSoonAsOneMatches" executed="True" success="True" time="0.000" asserts="13" />
                      <test-case name="NMock2.Test.MockeryTest.VerifiesWhenAllExpectationsHaveBeenMet" executed="True" success="True" time="0.000" asserts="0" />
                      <test-case name="NMock2.Test.MockeryTest.VerifyExpectationsReportsOnUnexpectedInvocationsWhoseExceptionsWereCaughtElsewhere" executed="True" success="True" time="0.000" asserts="0" />
                    </results>
                  </test-suite>
                  <test-suite name="Monitoring" success="True" time="0.031" asserts="0">
                    <results>
                      <test-suite name="InvocationSemanticsTest" success="True" time="0.000" asserts="0">
                        <results>
                          <test-case name="NMock2.Test.Monitoring.InvocationSemanticsTest.OutParametersAreSetAfterExceptionThrown" executed="True" success="True" time="0.000" asserts="2" />
                        </results>
                      </test-suite>
                      <test-suite name="InvocationTest" success="True" time="0.016" asserts="0">
                        <results>
                          <test-case name="NMock2.Test.Monitoring.InvocationTest.AllowsNullResultForMethodThatReturnsANullableType" executed="True" success="True" time="0.000" asserts="0" />
                          <test-case name="NMock2.Test.Monitoring.InvocationTest.AllowsSettingNullResultOfVoidMethod" executed="True" success="True" time="0.000" asserts="0" />
                          <test-case name="NMock2.Test.Monitoring.InvocationTest.CanBeInvokedOnAnotherObject" executed="True" success="True" time="0.000" asserts="4" />
                          <test-case name="NMock2.Test.Monitoring.InvocationTest.DescriptionOfEventAdderDoesNotShowSugaredMethod" executed="True" success="True" time="0.000" asserts="1" />
                          <test-case name="NMock2.Test.Monitoring.InvocationTest.DescriptionOfEventRemoverDoesNotShowSugaredMethod" executed="True" success="True" time="0.000" asserts="1" />
                          <test-case name="NMock2.Test.Monitoring.InvocationTest.DescriptionOfInvocationOfIndexerGetterDoesNotShowSugaredMethod" executed="True" success="True" time="0.000" asserts="1" />
                          <test-case name="NMock2.Test.Monitoring.InvocationTest.DescriptionOfInvocationOfIndexerSetterDoesNotShowSugaredMethod" executed="True" success="True" time="0.000" asserts="1" />
                          <test-case name="NMock2.Test.Monitoring.InvocationTest.DescriptionOfInvocationOfPropertyGetterDoesNotShowSugaredMethod" executed="True" success="True" time="0.000" asserts="1" />
                          <test-case name="NMock2.Test.Monitoring.InvocationTest.DescriptionOfInvocationOfPropertySetterDoesNotShowSugaredMethod" executed="True" success="True" time="0.000" asserts="1" />
                          <test-case name="NMock2.Test.Monitoring.InvocationTest.DoesNotAllowNullException" executed="True" success="True" time="0.000" asserts="0" />
                          <test-case name="NMock2.Test.Monitoring.InvocationTest.DoesNotAllowNullResultForMethodThatReturnsAValueType" executed="True" success="True" time="0.000" asserts="0" />
                          <test-case name="NMock2.Test.Monitoring.InvocationTest.DoesNotAllowSettingIncompatibleResultType" executed="True" success="True" time="0.000" asserts="0" />
                          <test-case name="NMock2.Test.Monitoring.InvocationTest.DoesNotAllowSettingNonNullResultOfVoidMethod" executed="True" success="True" time="0.000" asserts="0" />
                          <test-case name="NMock2.Test.Monitoring.InvocationTest.SettingExceptionClearsResult" executed="True" success="True" time="0.000" asserts="3" />
                          <test-case name="NMock2.Test.Monitoring.InvocationTest.SettingResultClearsException" executed="True" success="True" time="0.000" asserts="3" />
                          <test-case name="NMock2.Test.Monitoring.InvocationTest.StoresExceptionToThrow" executed="True" success="True" time="0.000" asserts="3" />
                          <test-case name="NMock2.Test.Monitoring.InvocationTest.StoresResultToReturn" executed="True" success="True" time="0.016" asserts="3" />
                          <test-case name="NMock2.Test.Monitoring.InvocationTest.TrapsExceptionsWhenInvokedOnAnotherObject" executed="True" success="True" time="0.000" asserts="3" />
                        </results>
                      </test-suite>
                      <test-suite name="InvokerTest" success="True" time="0.000" asserts="0">
                        <results>
                          <test-case name="NMock2.Test.Monitoring.InvokerTest.ForwardsInvocationsToNextIfMethodIsNotDeclaredInSpecifiedType" executed="True" success="True" time="0.000" asserts="4" />
                          <test-case name="NMock2.Test.Monitoring.InvokerTest.InvokesMethodOnObjectIfMethodIsDeclaredInSpecifiedType" executed="True" success="True" time="0.000" asserts="1" />
                        </results>
                      </test-suite>
                      <test-suite name="MultiInterfaceFactoryTest" success="True" time="0.000" asserts="0">
                        <results>
                          <test-case name="NMock2.Test.Monitoring.MultiInterfaceFactoryTest.AvoidsNameClash" executed="True" success="True" time="0.000" asserts="1" />
                          <test-case name="NMock2.Test.Monitoring.MultiInterfaceFactoryTest.CreatesTypeInfoObjectsThatRepresentAnInterfaceThatExtendsAllParameterInterfaces" executed="True" success="True" time="0.000" asserts="3" />
                          <test-case name="NMock2.Test.Monitoring.MultiInterfaceFactoryTest.ReturnsTheSameTypeWhenPassedTheSameArguments" executed="True" success="True" time="0.000" asserts="2" />
                          <test-case name="NMock2.Test.Monitoring.MultiInterfaceFactoryTest.ReturnsTheSameTypeWhenPassedTheSameArgumentsInDifferentOrder" executed="True" success="True" time="0.000" asserts="1" />
                        </results>
                      </test-suite>
                      <test-suite name="ParameterListTest" success="True" time="0.000" asserts="0">
                        <results>
                          <test-case name="NMock2.Test.Monitoring.ParameterListTest.CanSetValuesOfOutAndRefParameters" executed="True" success="True" time="0.000" asserts="3" />
                          <test-case name="NMock2.Test.Monitoring.ParameterListTest.DoesNotAllowAccessToValuesOfUnsetOutParameters" executed="True" success="True" time="0.000" asserts="1" />
                          <test-case name="NMock2.Test.Monitoring.ParameterListTest.DoesNotAllowValuesOfInputParametersToBeChanged" executed="True" success="True" time="0.000" asserts="0" />
                          <test-case name="NMock2.Test.Monitoring.ParameterListTest.ReturnsNumberOfParameters" executed="True" success="True" time="0.000" asserts="1" />
                          <test-case name="NMock2.Test.Monitoring.ParameterListTest.ReturnsValuesOfInParameters" executed="True" success="True" time="0.000" asserts="4" />
                        </results>
                      </test-suite>
                      <test-suite name="ProxiedObjectIdentityTest" success="True" time="0.000" asserts="0">
                        <results>
                          <test-case name="NMock2.Test.Monitoring.ProxiedObjectIdentityTest.ForwardsGetHashCodeToIdentityProvider" executed="True" success="True" time="0.000" asserts="1" />
                          <test-case name="NMock2.Test.Monitoring.ProxiedObjectIdentityTest.ForwardsInvocationsOfOtherMethodsToNextInChain" executed="True" success="True" time="0.000" asserts="2" />
                          <test-case name="NMock2.Test.Monitoring.ProxiedObjectIdentityTest.ForwardsToStringToIdentityProvider" executed="True" success="True" time="0.000" asserts="1" />
                          <test-case name="NMock2.Test.Monitoring.ProxiedObjectIdentityTest.ImplementsEqualsByComparingInvocationReceiversForIdentity" executed="True" success="True" time="0.000" asserts="2" />
                        </results>
                      </test-suite>
                      <test-suite name="ProxyInvokableAdapterTest" success="True" time="0.000" asserts="0">
                        <results>
                          <test-case name="NMock2.Test.Monitoring.ProxyInvokableAdapterTest.CapturesInvocationsOnTransparentProxyAndForwardsToInvokableObject" executed="True" success="True" time="0.000" asserts="3" />
                          <test-case name="NMock2.Test.Monitoring.ProxyInvokableAdapterTest.PassesExceptionThrownByInvokableToCallerOfProxy" executed="True" success="True" time="0.000" asserts="1" />
                          <test-case name="NMock2.Test.Monitoring.ProxyInvokableAdapterTest.ReturnsOutAndRefParametersFromInvocationToCallerOfProxy" executed="True" success="True" time="0.000" asserts="4" />
                          <test-case name="NMock2.Test.Monitoring.ProxyInvokableAdapterTest.ReturnsResultFromInvocationToCallerOfProxy" executed="True" success="True" time="0.000" asserts="2" />
                          <test-case name="NMock2.Test.Monitoring.ProxyInvokableAdapterTest.ThrowsExceptionFromInvocationToCallerOfProxy" executed="True" success="True" time="0.000" asserts="1" />
                        </results>
                      </test-suite>
                    </results>
                  </test-suite>
                  <test-suite name="VerifyTest" success="True" time="0.000" asserts="0">
                    <results>
                      <test-case name="NMock2.Test.VerifyTest.CanPrependCustomMessageToDescriptionOfFailure" executed="True" success="True" time="0.000" asserts="1" />
                      <test-case name="NMock2.Test.VerifyTest.VerifyThatFailsIfMatcherDoesNotMatchValue" executed="True" success="True" time="0.000" asserts="1" />
                      <test-case name="NMock2.Test.VerifyTest.VerifyThatPassesIfMatcherMatchesValue" executed="True" success="True" time="0.000" asserts="0" />
                    </results>
                  </test-suite>
                </results>
              </test-suite>
            </results>
          </test-suite>
        </results>
      </test-suite>
    </results>
  </test-suite>
</test-results>